[ 2014-09-16T10:57:12+08:00 ] 127.0.0.1 /mss/admin.php
INFO: [ app_begin ] --START--
INFO: ReadHtmlCache Behavior ::run [ RunTime:0.000899s ]
INFO: [ app_begin ] --END-- [ RunTime:0.001050s ]
INFO: [ view_parse ] --START--
INFO: ParseTemplate Behavior ::run [ RunTime:0.039196s ]
INFO: [ view_parse ] --END-- [ RunTime:0.039357s ]
INFO: [ view_filter ] --START--
INFO: ContentReplace Behavior ::run [ RunTime:0.000780s ]
INFO: TokenBuild Behavior ::run [ RunTime:0.000689s ]
INFO: WriteHtmlCache Behavior ::run [ RunTime:0.000875s ]
INFO: ShowRuntime Behavior ::run [ RunTime:0.000723s ]
INFO: [ view_filter ] --END-- [ RunTime:0.003372s ]
INFO: [ view_end ] --START--
INFO: ShowPageTrace Behavior ::run [ RunTime:0.000785s ]
INFO: [ view_end ] --END-- [ RunTime:0.000884s ]

[ 2014-09-16T10:57:25+08:00 ] 127.0.0.1 /mss/admin.php/Login/login
INFO: [ route_check ] --START--
INFO: CheckRoute Behavior ::run [ RunTime:0.000938s ]
INFO: [ route_check ] --END-- [ RunTime:0.001095s ]
INFO: [ app_begin ] --START--
INFO: ReadHtmlCache Behavior ::run [ RunTime:0.000710s ]
INFO: [ app_begin ] --END-- [ RunTime:0.000822s ]
SQL: SHOW COLUMNS FROM `mss_user_admin` [ RunTime:0.144781s ]
SQL: SELECT * FROM `mss_user_admin` WHERE ( `username` = 'admin' ) AND ( `userpwd` = '21232f297a57a5a743894a0e4a801fc3' ) LIMIT 1   [ RunTime:0.075862s ]
SQL: UPDATE `mss_user_admin` SET `logintime`=1410836245 WHERE ( `id` = 1 ) [ RunTime:0.020573s ]

[ 2014-09-16T10:57:26+08:00 ] 127.0.0.1 /mss/admin.php/Index/index.html
INFO: [ route_check ] --START--
INFO: CheckRoute Behavior ::run [ RunTime:0.001316s ]
INFO: [ route_check ] --END-- [ RunTime:0.001492s ]
INFO: [ app_begin ] --START--
INFO: ReadHtmlCache Behavior ::run [ RunTime:0.000791s ]
INFO: [ app_begin ] --END-- [ RunTime:0.000903s ]
SQL: SHOW COLUMNS FROM `mss_user` [ RunTime:0.049139s ]
SQL: SELECT COUNT(*) AS tp_count FROM `mss_user` WHERE ( ustatus=1 ) LIMIT 1   [ RunTime:0.056192s ]
SQL: SELECT COUNT(*) AS tp_count FROM `mss_user` WHERE (  (`regtime` BETWEEN 1410710400 AND 1410624000 ) ) LIMIT 1   [ RunTime:0.000586s ]
SQL: SHOW COLUMNS FROM `mss_order` [ RunTime:0.057052s ]
SQL: SELECT COUNT(*) AS tp_count FROM `mss_order` LIMIT 1   [ RunTime:0.000219s ]
SQL: SELECT COUNT(*) AS tp_count FROM `mss_order` WHERE ( paystatus=3 ) LIMIT 1   [ RunTime:0.000256s ]
SQL: SELECT COUNT(*) AS tp_count FROM `mss_order` WHERE ( `paystatus` NOT IN ('3') ) LIMIT 1   [ RunTime:0.000904s ]
SQL: SHOW COLUMNS FROM `mss_goods` [ RunTime:0.005291s ]
SQL: SELECT COUNT(*) AS tp_count FROM `mss_goods` LIMIT 1   [ RunTime:0.000258s ]
SQL: SHOW COLUMNS FROM `mss_admin_log` [ RunTime:0.028647s ]
SQL: SELECT * FROM `mss_admin_log` ORDER BY time desc LIMIT 0,5   [ RunTime:0.083038s ]
INFO: [ view_parse ] --START--
INFO: ParseTemplate Behavior ::run [ RunTime:0.256455s ]
INFO: [ view_parse ] --END-- [ RunTime:0.256613s ]
INFO: [ view_filter ] --START--
INFO: ContentReplace Behavior ::run [ RunTime:0.000730s ]
INFO: TokenBuild Behavior ::run [ RunTime:0.001162s ]
INFO: WriteHtmlCache Behavior ::run [ RunTime:0.000474s ]
INFO: ShowRuntime Behavior ::run [ RunTime:0.000728s ]
INFO: [ view_filter ] --END-- [ RunTime:0.003480s ]
INFO: [ view_end ] --START--
INFO: ShowPageTrace Behavior ::run [ RunTime:0.000693s ]
INFO: [ view_end ] --END-- [ RunTime:0.000788s ]

[ 2014-09-16T10:57:34+08:00 ] 127.0.0.1 /mss/admin.php/User/lists
INFO: [ route_check ] --START--
INFO: CheckRoute Behavior ::run [ RunTime:0.001451s ]
INFO: [ route_check ] --END-- [ RunTime:0.006638s ]
INFO: [ app_begin ] --START--
INFO: ReadHtmlCache Behavior ::run [ RunTime:0.000738s ]
INFO: [ app_begin ] --END-- [ RunTime:0.000844s ]
SQL: SHOW COLUMNS FROM `mss_admin_log` [ RunTime:0.010503s ]
SQL: INSERT INTO `mss_admin_log` (`userid`,`time`,`loginfo`,`userip`) VALUES (1,1410836254,'管理员admin查看了用户列表','127.0.0.1') [ RunTime:0.037679s ]
SQL: SHOW COLUMNS FROM `mss_user` [ RunTime:0.004176s ]
SQL: SHOW COLUMNS FROM `mss_userinfo` [ RunTime:0.098292s ]
SQL: SELECT * FROM `mss_userinfo`  [ RunTime:0.000397s ]
SQL: SELECT * FROM `mss_user`  [ RunTime:0.000284s ]
INFO: [ view_parse ] --START--
INFO: ParseTemplate Behavior ::run [ RunTime:0.110284s ]
INFO: [ view_parse ] --END-- [ RunTime:0.110448s ]
INFO: [ view_filter ] --START--
INFO: ContentReplace Behavior ::run [ RunTime:0.000642s ]
INFO: TokenBuild Behavior ::run [ RunTime:0.000563s ]
INFO: WriteHtmlCache Behavior ::run [ RunTime:0.000428s ]
INFO: ShowRuntime Behavior ::run [ RunTime:0.000643s ]
INFO: [ view_filter ] --END-- [ RunTime:0.002542s ]
INFO: [ view_end ] --START--
INFO: ShowPageTrace Behavior ::run [ RunTime:0.000682s ]
INFO: [ view_end ] --END-- [ RunTime:0.000775s ]

[ 2014-09-16T10:57:43+08:00 ] 127.0.0.1 /mss/admin.php/Goods/lists
INFO: [ route_check ] --START--
INFO: CheckRoute Behavior ::run [ RunTime:0.000981s ]
INFO: [ route_check ] --END-- [ RunTime:0.001131s ]
INFO: [ app_begin ] --START--
INFO: ReadHtmlCache Behavior ::run [ RunTime:0.000944s ]
INFO: [ app_begin ] --END-- [ RunTime:0.001089s ]
SQL: SHOW COLUMNS FROM `mss_admin_log` [ RunTime:0.014954s ]
SQL: INSERT INTO `mss_admin_log` (`userid`,`time`,`loginfo`,`userip`) VALUES (1,1410836263,'管理员admin查看了商品列表','127.0.0.1') [ RunTime:0.000417s ]
SQL: SHOW COLUMNS FROM `mss_goods` [ RunTime:0.006474s ]
SQL: SELECT COUNT(*) AS tp_count FROM `mss_goods` LIMIT 1   [ RunTime:0.000270s ]
SQL: SELECT * FROM `mss_goods` WHERE ( huishou!=1 ) ORDER BY selltime desc, id  [ RunTime:0.038179s ]
INFO: [ view_parse ] --START--
INFO: ParseTemplate Behavior ::run [ RunTime:0.058787s ]
INFO: [ view_parse ] --END-- [ RunTime:0.058929s ]
INFO: [ view_filter ] --START--
INFO: ContentReplace Behavior ::run [ RunTime:0.001616s ]
INFO: TokenBuild Behavior ::run [ RunTime:0.000930s ]
INFO: WriteHtmlCache Behavior ::run [ RunTime:0.000471s ]
INFO: ShowRuntime Behavior ::run [ RunTime:0.000752s ]
INFO: [ view_filter ] --END-- [ RunTime:0.004134s ]
INFO: [ view_end ] --START--
INFO: ShowPageTrace Behavior ::run [ RunTime:0.000704s ]
INFO: [ view_end ] --END-- [ RunTime:0.000812s ]

[ 2014-09-16T10:58:16+08:00 ] 127.0.0.1 /mss/admin.php/Goods/lists
INFO: [ route_check ] --START--
INFO: CheckRoute Behavior ::run [ RunTime:0.001654s ]
INFO: [ route_check ] --END-- [ RunTime:0.001787s ]
INFO: [ app_begin ] --START--
INFO: ReadHtmlCache Behavior ::run [ RunTime:0.000722s ]
INFO: [ app_begin ] --END-- [ RunTime:0.000824s ]
SQL: SHOW COLUMNS FROM `mss_admin_log` [ RunTime:0.004853s ]
SQL: INSERT INTO `mss_admin_log` (`userid`,`time`,`loginfo`,`userip`) VALUES (1,1410836296,'管理员admin查看了商品列表','127.0.0.1') [ RunTime:0.000410s ]
SQL: SHOW COLUMNS FROM `mss_goods` [ RunTime:0.004520s ]
SQL: SELECT COUNT(*) AS tp_count FROM `mss_goods` LIMIT 1   [ RunTime:0.000462s ]
SQL: SELECT * FROM `mss_goods` WHERE ( huishou!=1 ) ORDER BY selltime desc, id  [ RunTime:0.001370s ]
INFO: [ view_parse ] --START--
INFO: ParseTemplate Behavior ::run [ RunTime:0.017852s ]
INFO: [ view_parse ] --END-- [ RunTime:0.017985s ]
INFO: [ view_filter ] --START--
INFO: ContentReplace Behavior ::run [ RunTime:0.001143s ]
INFO: TokenBuild Behavior ::run [ RunTime:0.000596s ]
INFO: WriteHtmlCache Behavior ::run [ RunTime:0.000431s ]
INFO: ShowRuntime Behavior ::run [ RunTime:0.000673s ]
INFO: [ view_filter ] --END-- [ RunTime:0.003099s ]
INFO: [ view_end ] --START--
INFO: ShowPageTrace Behavior ::run [ RunTime:0.000671s ]
INFO: [ view_end ] --END-- [ RunTime:0.000761s ]

[ 2014-09-16T10:58:20+08:00 ] 127.0.0.1 /mss/admin.php/Goods/lists
INFO: [ route_check ] --START--
INFO: CheckRoute Behavior ::run [ RunTime:0.001009s ]
INFO: [ route_check ] --END-- [ RunTime:0.001147s ]
INFO: [ app_begin ] --START--
INFO: ReadHtmlCache Behavior ::run [ RunTime:0.000800s ]
INFO: [ app_begin ] --END-- [ RunTime:0.000909s ]
SQL: SHOW COLUMNS FROM `mss_admin_log` [ RunTime:0.008453s ]
SQL: INSERT INTO `mss_admin_log` (`userid`,`time`,`loginfo`,`userip`) VALUES (1,1410836300,'管理员admin查看了商品列表','127.0.0.1') [ RunTime:0.000629s ]
SQL: SHOW COLUMNS FROM `mss_goods` [ RunTime:0.005181s ]
SQL: SELECT COUNT(*) AS tp_count FROM `mss_goods` LIMIT 1   [ RunTime:0.000245s ]
SQL: SELECT * FROM `mss_goods` WHERE ( huishou!=1 ) ORDER BY selltime desc, id  [ RunTime:0.001305s ]
INFO: [ view_parse ] --START--
INFO: ParseTemplate Behavior ::run [ RunTime:0.018821s ]
INFO: [ view_parse ] --END-- [ RunTime:0.018947s ]
INFO: [ view_filter ] --START--
INFO: ContentReplace Behavior ::run [ RunTime:0.001768s ]
INFO: TokenBuild Behavior ::run [ RunTime:0.001137s ]
INFO: WriteHtmlCache Behavior ::run [ RunTime:0.000680s ]
INFO: ShowRuntime Behavior ::run [ RunTime:0.001062s ]
INFO: [ view_filter ] --END-- [ RunTime:0.005074s ]
INFO: [ view_end ] --START--
INFO: ShowPageTrace Behavior ::run [ RunTime:0.001144s ]
INFO: [ view_end ] --END-- [ RunTime:0.001302s ]

[ 2014-09-16T10:58:24+08:00 ] 127.0.0.1 /mss/admin.php/Order/lists
INFO: [ route_check ] --START--
INFO: CheckRoute Behavior ::run [ RunTime:0.000853s ]
INFO: [ route_check ] --END-- [ RunTime:0.000969s ]
INFO: [ app_begin ] --START--
INFO: ReadHtmlCache Behavior ::run [ RunTime:0.000665s ]
INFO: [ app_begin ] --END-- [ RunTime:0.000764s ]
SQL: SHOW COLUMNS FROM `mss_order` [ RunTime:0.005164s ]
SQL: SHOW COLUMNS FROM `mss_address` [ RunTime:0.044260s ]
SQL: SELECT * FROM `mss_order` ORDER BY addtime desc  [ RunTime:0.000592s ]
SQL: SHOW COLUMNS FROM `mss_dilivery` [ RunTime:0.020617s ]
SQL: SHOW COLUMNS FROM `mss_order_detail` [ RunTime:0.003491s ]
SQL: SELECT * FROM `mss_address` WHERE ( id=0 ) LIMIT 1   [ RunTime:0.000325s ]
SQL: SELECT * FROM `mss_dilivery` WHERE ( id=2 ) LIMIT 1   [ RunTime:0.000267s ]
SQL: SELECT SUM(subtotal) AS tp_sum FROM `mss_order_detail` WHERE ( orderid=28 ) LIMIT 1   [ RunTime:0.000261s ]
SQL: SELECT * FROM `mss_address` WHERE ( id=0 ) LIMIT 1   [ RunTime:0.000217s ]
SQL: SELECT * FROM `mss_dilivery` WHERE ( id=2 ) LIMIT 1   [ RunTime:0.000241s ]
SQL: SELECT SUM(subtotal) AS tp_sum FROM `mss_order_detail` WHERE ( orderid=27 ) LIMIT 1   [ RunTime:0.000194s ]
SQL: SELECT * FROM `mss_address` WHERE ( id=2 ) LIMIT 1   [ RunTime:0.000255s ]
SQL: SELECT * FROM `mss_dilivery` WHERE ( id=2 ) LIMIT 1   [ RunTime:0.000242s ]
SQL: SELECT SUM(subtotal) AS tp_sum FROM `mss_order_detail` WHERE ( orderid=26 ) LIMIT 1   [ RunTime:0.000231s ]
SQL: SELECT * FROM `mss_address` WHERE ( id=1 ) LIMIT 1   [ RunTime:0.000374s ]
SQL: SELECT * FROM `mss_dilivery` WHERE ( id=2 ) LIMIT 1   [ RunTime:0.000267s ]
SQL: SELECT SUM(subtotal) AS tp_sum FROM `mss_order_detail` WHERE ( orderid=25 ) LIMIT 1   [ RunTime:0.000308s ]
SQL: SELECT * FROM `mss_address` WHERE ( id=1 ) LIMIT 1   [ RunTime:0.000670s ]
SQL: SELECT * FROM `mss_dilivery` WHERE ( id=3 ) LIMIT 1   [ RunTime:0.000385s ]
SQL: SELECT SUM(subtotal) AS tp_sum FROM `mss_order_detail` WHERE ( orderid=24 ) LIMIT 1   [ RunTime:0.000298s ]
SQL: SELECT * FROM `mss_address` WHERE ( id=2 ) LIMIT 1   [ RunTime:0.000377s ]
SQL: SELECT * FROM `mss_dilivery` WHERE ( id=3 ) LIMIT 1   [ RunTime:0.000322s ]
SQL: SELECT SUM(subtotal) AS tp_sum FROM `mss_order_detail` WHERE ( orderid=23 ) LIMIT 1   [ RunTime:0.000524s ]
INFO: [ view_parse ] --START--
INFO: ParseTemplate Behavior ::run [ RunTime:0.026492s ]
INFO: [ view_parse ] --END-- [ RunTime:0.026683s ]
INFO: [ view_filter ] --START--
INFO: ContentReplace Behavior ::run [ RunTime:0.000764s ]
INFO: TokenBuild Behavior ::run [ RunTime:0.000747s ]
INFO: WriteHtmlCache Behavior ::run [ RunTime:0.000547s ]
INFO: ShowRuntime Behavior ::run [ RunTime:0.000846s ]
INFO: [ view_filter ] --END-- [ RunTime:0.003215s ]
INFO: [ view_end ] --START--
INFO: ShowPageTrace Behavior ::run [ RunTime:0.000911s ]
INFO: [ view_end ] --END-- [ RunTime:0.001020s ]

[ 2014-09-16T10:58:27+08:00 ] 127.0.0.1 /mss/admin.php/Config/listsConfig
INFO: [ route_check ] --START--
INFO: CheckRoute Behavior ::run [ RunTime:0.000889s ]
INFO: [ route_check ] --END-- [ RunTime:0.001015s ]
INFO: [ app_begin ] --START--
INFO: ReadHtmlCache Behavior ::run [ RunTime:0.000668s ]
INFO: [ app_begin ] --END-- [ RunTime:0.000763s ]
SQL: SHOW COLUMNS FROM `mss_admin_log` [ RunTime:0.011327s ]
SQL: INSERT INTO `mss_admin_log` (`userid`,`time`,`loginfo`,`userip`) VALUES (1,1410836307,'管理员admin查看了网站配置','127.0.0.1') [ RunTime:0.000300s ]
SQL: SHOW COLUMNS FROM `mss_webconfig` [ RunTime:0.003693s ]
SQL: SELECT * FROM `mss_webconfig`  [ RunTime:0.000362s ]
INFO: [ view_parse ] --START--
INFO: ParseTemplate Behavior ::run [ RunTime:0.041473s ]
INFO: [ view_parse ] --END-- [ RunTime:0.041598s ]
INFO: [ view_filter ] --START--
INFO: ContentReplace Behavior ::run [ RunTime:0.000655s ]
INFO: TokenBuild Behavior ::run [ RunTime:0.000551s ]
INFO: WriteHtmlCache Behavior ::run [ RunTime:0.000643s ]
INFO: ShowRuntime Behavior ::run [ RunTime:0.000795s ]
INFO: [ view_filter ] --END-- [ RunTime:0.002908s ]
INFO: [ view_end ] --START--
INFO: ShowPageTrace Behavior ::run [ RunTime:0.000822s ]
INFO: [ view_end ] --END-- [ RunTime:0.000930s ]

[ 2014-09-16T10:58:37+08:00 ] 127.0.0.1 /mss/admin.php/Friend/lists
INFO: [ route_check ] --START--
INFO: CheckRoute Behavior ::run [ RunTime:0.001352s ]
INFO: [ route_check ] --END-- [ RunTime:0.001504s ]
INFO: [ app_begin ] --START--
INFO: ReadHtmlCache Behavior ::run [ RunTime:0.000897s ]
INFO: [ app_begin ] --END-- [ RunTime:0.001027s ]
SQL: SHOW COLUMNS FROM `mss_admin_log` [ RunTime:0.004980s ]
SQL: INSERT INTO `mss_admin_log` (`userid`,`time`,`loginfo`,`userip`) VALUES (1,1410836317,'管理员admin查看了友情链接列表','127.0.0.1') [ RunTime:0.000506s ]
SQL: SHOW COLUMNS FROM `mss_links` [ RunTime:0.004526s ]
SQL: SELECT * FROM `mss_links`  [ RunTime:0.000366s ]
INFO: [ view_parse ] --START--
INFO: ParseTemplate Behavior ::run [ RunTime:0.046186s ]
INFO: [ view_parse ] --END-- [ RunTime:0.046433s ]
INFO: [ view_filter ] --START--
INFO: ContentReplace Behavior ::run [ RunTime:0.000852s ]
INFO: TokenBuild Behavior ::run [ RunTime:0.000806s ]
INFO: WriteHtmlCache Behavior ::run [ RunTime:0.000505s ]
INFO: ShowRuntime Behavior ::run [ RunTime:0.000718s ]
INFO: [ view_filter ] --END-- [ RunTime:0.003254s ]
INFO: [ view_end ] --START--
INFO: ShowPageTrace Behavior ::run [ RunTime:0.000785s ]
INFO: [ view_end ] --END-- [ RunTime:0.000884s ]

[ 2014-09-16T10:58:49+08:00 ] 127.0.0.1 /mss/admin.php
INFO: [ app_begin ] --START--
INFO: ReadHtmlCache Behavior ::run [ RunTime:0.001736s ]
INFO: [ app_begin ] --END-- [ RunTime:0.001902s ]
SQL: SHOW COLUMNS FROM `mss_user` [ RunTime:0.006188s ]
SQL: SELECT COUNT(*) AS tp_count FROM `mss_user` WHERE ( ustatus=1 ) LIMIT 1   [ RunTime:0.000697s ]
SQL: SELECT COUNT(*) AS tp_count FROM `mss_user` WHERE (  (`regtime` BETWEEN 1410710400 AND 1410624000 ) ) LIMIT 1   [ RunTime:0.000522s ]
SQL: SHOW COLUMNS FROM `mss_order` [ RunTime:0.005269s ]
SQL: SELECT COUNT(*) AS tp_count FROM `mss_order` LIMIT 1   [ RunTime:0.001086s ]
SQL: SELECT COUNT(*) AS tp_count FROM `mss_order` WHERE ( paystatus=3 ) LIMIT 1   [ RunTime:0.000608s ]
SQL: SELECT COUNT(*) AS tp_count FROM `mss_order` WHERE ( `paystatus` NOT IN ('3') ) LIMIT 1   [ RunTime:0.000872s ]
SQL: SHOW COLUMNS FROM `mss_goods` [ RunTime:0.005337s ]
SQL: SELECT COUNT(*) AS tp_count FROM `mss_goods` LIMIT 1   [ RunTime:0.000429s ]
SQL: SHOW COLUMNS FROM `mss_admin_log` [ RunTime:0.006116s ]
SQL: SELECT * FROM `mss_admin_log` ORDER BY time desc LIMIT 0,5   [ RunTime:0.004078s ]
INFO: [ view_parse ] --START--
INFO: ParseTemplate Behavior ::run [ RunTime:0.018543s ]
INFO: [ view_parse ] --END-- [ RunTime:0.018746s ]
INFO: [ view_filter ] --START--
INFO: ContentReplace Behavior ::run [ RunTime:0.000789s ]
INFO: TokenBuild Behavior ::run [ RunTime:0.000851s ]
INFO: WriteHtmlCache Behavior ::run [ RunTime:0.000545s ]
INFO: ShowRuntime Behavior ::run [ RunTime:0.000694s ]
INFO: [ view_filter ] --END-- [ RunTime:0.003215s ]
INFO: [ view_end ] --START--
INFO: ShowPageTrace Behavior ::run [ RunTime:0.001043s ]
INFO: [ view_end ] --END-- [ RunTime:0.001146s ]

