[ 2014-11-12T12:18:01+08:00 ] 127.0.0.1 /mss/admin.php
INFO: [ app_begin ] --START--
INFO: ReadHtmlCache Behavior ::run [ RunTime:0.001000s ]
INFO: [ app_begin ] --END-- [ RunTime:0.001000s ]
INFO: [ view_parse ] --START--
INFO: ParseTemplate Behavior ::run [ RunTime:0.156009s ]
INFO: [ view_parse ] --END-- [ RunTime:0.156009s ]
INFO: [ view_filter ] --START--
INFO: ContentReplace Behavior ::run [ RunTime:0.000000s ]
INFO: TokenBuild Behavior ::run [ RunTime:0.001001s ]
INFO: WriteHtmlCache Behavior ::run [ RunTime:0.025001s ]
INFO: ShowRuntime Behavior ::run [ RunTime:0.001000s ]
INFO: [ view_filter ] --END-- [ RunTime:0.027002s ]
INFO: [ view_end ] --START--
INFO: ShowPageTrace Behavior ::run [ RunTime:0.001000s ]
INFO: [ view_end ] --END-- [ RunTime:0.001000s ]

[ 2014-11-12T12:18:10+08:00 ] 127.0.0.1 /mss/admin.php/Login/login
INFO: [ route_check ] --START--
INFO: CheckRoute Behavior ::run [ RunTime:0.032002s ]
INFO: [ route_check ] --END-- [ RunTime:0.032002s ]
INFO: [ app_begin ] --START--
INFO: ReadHtmlCache Behavior ::run [ RunTime:0.001000s ]
INFO: [ app_begin ] --END-- [ RunTime:0.001000s ]
SQL: SHOW COLUMNS FROM `mss_user_admin` [ RunTime:0.070004s ]
SQL: SELECT * FROM `mss_user_admin` WHERE ( `username` = 'admin' ) AND ( `userpwd` = '21232f297a57a5a743894a0e4a801fc3' ) LIMIT 1   [ RunTime:0.027002s ]
SQL: UPDATE `mss_user_admin` SET `logintime`=1415765890 WHERE ( `id` = 1 ) [ RunTime:0.018001s ]

[ 2014-11-12T12:18:11+08:00 ] 127.0.0.1 /mss/admin.php/Index/index.html
INFO: [ route_check ] --START--
INFO: CheckRoute Behavior ::run [ RunTime:0.001000s ]
INFO: [ route_check ] --END-- [ RunTime:0.001000s ]
INFO: [ app_begin ] --START--
INFO: ReadHtmlCache Behavior ::run [ RunTime:0.001000s ]
INFO: [ app_begin ] --END-- [ RunTime:0.001000s ]
SQL: SHOW COLUMNS FROM `mss_user` [ RunTime:0.098006s ]
SQL: SELECT COUNT(*) AS tp_count FROM `mss_user` WHERE ( ustatus=1 ) LIMIT 1   [ RunTime:0.014001s ]
SQL: SELECT COUNT(*) AS tp_count FROM `mss_user` WHERE (  (`regtime` BETWEEN 1415548800 AND 1415462400 ) ) LIMIT 1   [ RunTime:0.004000s ]
SQL: SHOW COLUMNS FROM `mss_order` [ RunTime:0.120007s ]
SQL: SELECT COUNT(*) AS tp_count FROM `mss_order` LIMIT 1   [ RunTime:0.000000s ]
SQL: SELECT COUNT(*) AS tp_count FROM `mss_order` WHERE ( paystatus=3 ) LIMIT 1   [ RunTime:0.001000s ]
SQL: SELECT COUNT(*) AS tp_count FROM `mss_order` WHERE ( `paystatus` NOT IN ('3') ) LIMIT 1   [ RunTime:0.035002s ]
SQL: SHOW COLUMNS FROM `mss_goods` [ RunTime:0.005000s ]
SQL: SELECT COUNT(*) AS tp_count FROM `mss_goods` LIMIT 1   [ RunTime:0.000000s ]
SQL: SHOW COLUMNS FROM `mss_admin_log` [ RunTime:0.108006s ]
SQL: SELECT * FROM `mss_admin_log` ORDER BY time desc LIMIT 0,5   [ RunTime:0.149009s ]
INFO: [ view_parse ] --START--
INFO: ParseTemplate Behavior ::run [ RunTime:0.234013s ]
INFO: [ view_parse ] --END-- [ RunTime:0.234013s ]
INFO: [ view_filter ] --START--
INFO: ContentReplace Behavior ::run [ RunTime:0.002000s ]
INFO: TokenBuild Behavior ::run [ RunTime:0.001000s ]
INFO: WriteHtmlCache Behavior ::run [ RunTime:0.003001s ]
INFO: ShowRuntime Behavior ::run [ RunTime:0.001000s ]
INFO: [ view_filter ] --END-- [ RunTime:0.008001s ]
INFO: [ view_end ] --START--
INFO: ShowPageTrace Behavior ::run [ RunTime:0.004000s ]
INFO: [ view_end ] --END-- [ RunTime:0.004000s ]

[ 2014-11-12T12:18:29+08:00 ] 127.0.0.1 /mss/admin.php
INFO: [ app_begin ] --START--
INFO: ReadHtmlCache Behavior ::run [ RunTime:0.001000s ]
INFO: [ app_begin ] --END-- [ RunTime:0.001000s ]
SQL: SHOW COLUMNS FROM `mss_user` [ RunTime:0.030002s ]
SQL: SELECT COUNT(*) AS tp_count FROM `mss_user` WHERE ( ustatus=1 ) LIMIT 1   [ RunTime:0.008001s ]
SQL: SELECT COUNT(*) AS tp_count FROM `mss_user` WHERE (  (`regtime` BETWEEN 1415548800 AND 1415462400 ) ) LIMIT 1   [ RunTime:0.000000s ]
SQL: SHOW COLUMNS FROM `mss_order` [ RunTime:0.015000s ]
SQL: SELECT COUNT(*) AS tp_count FROM `mss_order` LIMIT 1   [ RunTime:0.000000s ]
SQL: SELECT COUNT(*) AS tp_count FROM `mss_order` WHERE ( paystatus=3 ) LIMIT 1   [ RunTime:0.001001s ]
SQL: SELECT COUNT(*) AS tp_count FROM `mss_order` WHERE ( `paystatus` NOT IN ('3') ) LIMIT 1   [ RunTime:0.000000s ]
SQL: SHOW COLUMNS FROM `mss_goods` [ RunTime:0.008000s ]
SQL: SELECT COUNT(*) AS tp_count FROM `mss_goods` LIMIT 1   [ RunTime:0.000000s ]
SQL: SHOW COLUMNS FROM `mss_admin_log` [ RunTime:0.006001s ]
SQL: SELECT * FROM `mss_admin_log` ORDER BY time desc LIMIT 0,5   [ RunTime:0.004000s ]
INFO: [ view_parse ] --START--
INFO: ParseTemplate Behavior ::run [ RunTime:0.018001s ]
INFO: [ view_parse ] --END-- [ RunTime:0.018001s ]
INFO: [ view_filter ] --START--
INFO: ContentReplace Behavior ::run [ RunTime:0.000000s ]
INFO: TokenBuild Behavior ::run [ RunTime:0.001000s ]
INFO: WriteHtmlCache Behavior ::run [ RunTime:0.000000s ]
INFO: ShowRuntime Behavior ::run [ RunTime:0.001000s ]
INFO: [ view_filter ] --END-- [ RunTime:0.002000s ]
INFO: [ view_end ] --START--
INFO: ShowPageTrace Behavior ::run [ RunTime:0.001000s ]
INFO: [ view_end ] --END-- [ RunTime:0.001000s ]

[ 2014-11-12T12:18:38+08:00 ] 127.0.0.1 /mss/admin.php/Config/listsConfig
INFO: [ route_check ] --START--
INFO: CheckRoute Behavior ::run [ RunTime:0.003000s ]
INFO: [ route_check ] --END-- [ RunTime:0.003000s ]
INFO: [ app_begin ] --START--
INFO: ReadHtmlCache Behavior ::run [ RunTime:0.001000s ]
INFO: [ app_begin ] --END-- [ RunTime:0.001000s ]
SQL: SHOW COLUMNS FROM `mss_admin_log` [ RunTime:0.025002s ]
SQL: INSERT INTO `mss_admin_log` (`userid`,`time`,`loginfo`,`userip`) VALUES (1,1415765918,'管理员admin查看了网站配置','127.0.0.1') [ RunTime:0.016001s ]
SQL: SHOW COLUMNS FROM `mss_webconfig` [ RunTime:0.013001s ]
SQL: SELECT * FROM `mss_webconfig`  [ RunTime:0.018001s ]
INFO: [ view_parse ] --START--
INFO: ParseTemplate Behavior ::run [ RunTime:0.035002s ]
INFO: [ view_parse ] --END-- [ RunTime:0.036002s ]
INFO: [ view_filter ] --START--
INFO: ContentReplace Behavior ::run [ RunTime:0.002000s ]
INFO: TokenBuild Behavior ::run [ RunTime:0.002000s ]
INFO: WriteHtmlCache Behavior ::run [ RunTime:0.001000s ]
INFO: ShowRuntime Behavior ::run [ RunTime:0.001000s ]
INFO: [ view_filter ] --END-- [ RunTime:0.006000s ]
INFO: [ view_end ] --START--
INFO: ShowPageTrace Behavior ::run [ RunTime:0.002000s ]
INFO: [ view_end ] --END-- [ RunTime:0.003000s ]

[ 2014-11-12T13:25:46+08:00 ] 127.0.0.1 /mss/admin.php/User/lists
INFO: [ route_check ] --START--
INFO: CheckRoute Behavior ::run [ RunTime:0.000000s ]
INFO: [ route_check ] --END-- [ RunTime:0.001000s ]
INFO: [ app_begin ] --START--
INFO: ReadHtmlCache Behavior ::run [ RunTime:0.001000s ]
INFO: [ app_begin ] --END-- [ RunTime:0.001000s ]
SQL: SHOW COLUMNS FROM `mss_admin_log` [ RunTime:0.008001s ]
SQL: INSERT INTO `mss_admin_log` (`userid`,`time`,`loginfo`,`userip`) VALUES (1,1415769946,'管理员admin查看了用户列表','127.0.0.1') [ RunTime:0.033002s ]
SQL: SHOW COLUMNS FROM `mss_user` [ RunTime:0.004001s ]
SQL: SHOW COLUMNS FROM `mss_userinfo` [ RunTime:0.007000s ]
SQL: SELECT * FROM `mss_userinfo`  [ RunTime:0.000000s ]
SQL: SELECT * FROM `mss_user`  [ RunTime:0.000000s ]
INFO: [ view_parse ] --START--
INFO: ParseTemplate Behavior ::run [ RunTime:0.049003s ]
INFO: [ view_parse ] --END-- [ RunTime:0.049003s ]
INFO: [ view_filter ] --START--
INFO: ContentReplace Behavior ::run [ RunTime:0.001000s ]
INFO: TokenBuild Behavior ::run [ RunTime:0.000000s ]
INFO: WriteHtmlCache Behavior ::run [ RunTime:0.000000s ]
INFO: ShowRuntime Behavior ::run [ RunTime:0.001000s ]
INFO: [ view_filter ] --END-- [ RunTime:0.002000s ]
INFO: [ view_end ] --START--
INFO: ShowPageTrace Behavior ::run [ RunTime:0.001000s ]
INFO: [ view_end ] --END-- [ RunTime:0.001000s ]

[ 2014-11-12T13:25:52+08:00 ] 127.0.0.1 /mss/admin.php/User/del/id/22
INFO: [ route_check ] --START--
INFO: CheckRoute Behavior ::run [ RunTime:0.001000s ]
INFO: [ route_check ] --END-- [ RunTime:0.001000s ]
INFO: [ app_begin ] --START--
INFO: ReadHtmlCache Behavior ::run [ RunTime:0.000000s ]
INFO: [ app_begin ] --END-- [ RunTime:0.000000s ]
SQL: SHOW COLUMNS FROM `mss_admin_log` [ RunTime:0.005000s ]
SQL: SHOW COLUMNS FROM `mss_user` [ RunTime:0.005001s ]
SQL: SELECT `username` FROM `mss_user` WHERE ( `id` = 22 ) LIMIT 1   [ RunTime:0.000000s ]
SQL: INSERT INTO `mss_admin_log` (`userid`,`time`,`loginfo`,`userip`) VALUES (1,1415769952,'管理员admin删除了用户hupeng','127.0.0.1') [ RunTime:0.001000s ]
SQL: SHOW COLUMNS FROM `mss_user` [ RunTime:0.006000s ]
SQL: SHOW COLUMNS FROM `mss_userinfo` [ RunTime:0.005000s ]
SQL: SELECT `headpic` FROM `mss_user` WHERE ( `id` = 22 ) LIMIT 1   [ RunTime:0.000000s ]
SQL: DELETE FROM `mss_user` WHERE ( `id` = 22 ) [ RunTime:0.012001s ]
SQL: DELETE FROM `mss_userinfo` WHERE ( `uid` = 22 ) [ RunTime:0.001000s ]
INFO: [ view_parse ] --START--
INFO: ParseTemplate Behavior ::run [ RunTime:0.010001s ]
INFO: [ view_parse ] --END-- [ RunTime:0.010001s ]
INFO: [ view_filter ] --START--
INFO: ContentReplace Behavior ::run [ RunTime:0.001000s ]
INFO: TokenBuild Behavior ::run [ RunTime:0.000000s ]
INFO: WriteHtmlCache Behavior ::run [ RunTime:0.001000s ]
INFO: ShowRuntime Behavior ::run [ RunTime:0.000000s ]
INFO: [ view_filter ] --END-- [ RunTime:0.003000s ]
INFO: [ view_end ] --START--
INFO: ShowPageTrace Behavior ::run [ RunTime:0.000000s ]
INFO: [ view_end ] --END-- [ RunTime:0.000000s ]

[ 2014-11-12T13:25:53+08:00 ] 127.0.0.1 /mss/admin.php/User/lists
INFO: [ route_check ] --START--
INFO: CheckRoute Behavior ::run [ RunTime:0.001000s ]
INFO: [ route_check ] --END-- [ RunTime:0.001000s ]
INFO: [ app_begin ] --START--
INFO: ReadHtmlCache Behavior ::run [ RunTime:0.001000s ]
INFO: [ app_begin ] --END-- [ RunTime:0.001000s ]
SQL: SHOW COLUMNS FROM `mss_admin_log` [ RunTime:0.005000s ]
SQL: INSERT INTO `mss_admin_log` (`userid`,`time`,`loginfo`,`userip`) VALUES (1,1415769953,'管理员admin查看了用户列表','127.0.0.1') [ RunTime:0.000000s ]
SQL: SHOW COLUMNS FROM `mss_user` [ RunTime:0.007000s ]
SQL: SHOW COLUMNS FROM `mss_userinfo` [ RunTime:0.004000s ]
SQL: SELECT * FROM `mss_userinfo`  [ RunTime:0.000000s ]
SQL: SELECT * FROM `mss_user`  [ RunTime:0.000000s ]
INFO: [ view_parse ] --START--
INFO: ParseTemplate Behavior ::run [ RunTime:0.035002s ]
INFO: [ view_parse ] --END-- [ RunTime:0.035002s ]
INFO: [ view_filter ] --START--
INFO: ContentReplace Behavior ::run [ RunTime:0.000000s ]
INFO: TokenBuild Behavior ::run [ RunTime:0.001000s ]
INFO: WriteHtmlCache Behavior ::run [ RunTime:0.000000s ]
INFO: ShowRuntime Behavior ::run [ RunTime:0.001000s ]
INFO: [ view_filter ] --END-- [ RunTime:0.002000s ]
INFO: [ view_end ] --START--
INFO: ShowPageTrace Behavior ::run [ RunTime:0.001001s ]
INFO: [ view_end ] --END-- [ RunTime:0.001001s ]

[ 2014-11-12T13:43:47+08:00 ] 127.0.0.1 /mss/admin.php/User/lists
INFO: [ route_check ] --START--
INFO: CheckRoute Behavior ::run [ RunTime:0.001000s ]
INFO: [ route_check ] --END-- [ RunTime:0.001000s ]
INFO: [ app_begin ] --START--
INFO: ReadHtmlCache Behavior ::run [ RunTime:0.001000s ]
INFO: [ app_begin ] --END-- [ RunTime:0.001000s ]
SQL: SHOW COLUMNS FROM `mss_admin_log` [ RunTime:0.009001s ]
SQL: INSERT INTO `mss_admin_log` (`userid`,`time`,`loginfo`,`userip`) VALUES (1,1415771027,'管理员admin查看了用户列表','127.0.0.1') [ RunTime:0.000000s ]
SQL: SHOW COLUMNS FROM `mss_user` [ RunTime:0.006000s ]
SQL: SHOW COLUMNS FROM `mss_userinfo` [ RunTime:0.006001s ]
SQL: SELECT * FROM `mss_userinfo`  [ RunTime:0.000000s ]
SQL: SELECT * FROM `mss_user`  [ RunTime:0.001000s ]
INFO: [ view_parse ] --START--
INFO: ParseTemplate Behavior ::run [ RunTime:0.014001s ]
INFO: [ view_parse ] --END-- [ RunTime:0.014001s ]
INFO: [ view_filter ] --START--
INFO: ContentReplace Behavior ::run [ RunTime:0.000000s ]
INFO: TokenBuild Behavior ::run [ RunTime:0.001000s ]
INFO: WriteHtmlCache Behavior ::run [ RunTime:0.000000s ]
INFO: ShowRuntime Behavior ::run [ RunTime:0.001000s ]
INFO: [ view_filter ] --END-- [ RunTime:0.002000s ]
INFO: [ view_end ] --START--
INFO: ShowPageTrace Behavior ::run [ RunTime:0.001000s ]
INFO: [ view_end ] --END-- [ RunTime:0.001000s ]

[ 2014-11-12T13:43:50+08:00 ] 127.0.0.1 /mss/admin.php/User/del/id/23
INFO: [ route_check ] --START--
INFO: CheckRoute Behavior ::run [ RunTime:0.001000s ]
INFO: [ route_check ] --END-- [ RunTime:0.002000s ]
INFO: [ app_begin ] --START--
INFO: ReadHtmlCache Behavior ::run [ RunTime:0.001000s ]
INFO: [ app_begin ] --END-- [ RunTime:0.001000s ]
SQL: SHOW COLUMNS FROM `mss_admin_log` [ RunTime:0.006000s ]
SQL: SHOW COLUMNS FROM `mss_user` [ RunTime:0.008000s ]
SQL: SELECT `username` FROM `mss_user` WHERE ( `id` = 23 ) LIMIT 1   [ RunTime:0.000000s ]
SQL: INSERT INTO `mss_admin_log` (`userid`,`time`,`loginfo`,`userip`) VALUES (1,1415771030,'管理员admin删除了用户hupeng123','127.0.0.1') [ RunTime:0.000000s ]
SQL: SHOW COLUMNS FROM `mss_user` [ RunTime:0.005000s ]
SQL: SHOW COLUMNS FROM `mss_userinfo` [ RunTime:0.006000s ]
SQL: SELECT `headpic` FROM `mss_user` WHERE ( `id` = 23 ) LIMIT 1   [ RunTime:0.001000s ]
SQL: DELETE FROM `mss_user` WHERE ( `id` = 23 ) [ RunTime:0.000000s ]
SQL: DELETE FROM `mss_userinfo` WHERE ( `uid` = 23 ) [ RunTime:0.001000s ]
INFO: [ view_parse ] --START--
INFO: ParseTemplate Behavior ::run [ RunTime:0.012001s ]
INFO: [ view_parse ] --END-- [ RunTime:0.012001s ]
INFO: [ view_filter ] --START--
INFO: ContentReplace Behavior ::run [ RunTime:0.001000s ]
INFO: TokenBuild Behavior ::run [ RunTime:0.000000s ]
INFO: WriteHtmlCache Behavior ::run [ RunTime:0.001000s ]
INFO: ShowRuntime Behavior ::run [ RunTime:0.000000s ]
INFO: [ view_filter ] --END-- [ RunTime:0.002000s ]
INFO: [ view_end ] --START--
INFO: ShowPageTrace Behavior ::run [ RunTime:0.001000s ]
INFO: [ view_end ] --END-- [ RunTime:0.001000s ]

[ 2014-11-12T13:43:51+08:00 ] 127.0.0.1 /mss/admin.php/User/lists
INFO: [ route_check ] --START--
INFO: CheckRoute Behavior ::run [ RunTime:0.002000s ]
INFO: [ route_check ] --END-- [ RunTime:0.002000s ]
INFO: [ app_begin ] --START--
INFO: ReadHtmlCache Behavior ::run [ RunTime:0.001000s ]
INFO: [ app_begin ] --END-- [ RunTime:0.001000s ]
SQL: SHOW COLUMNS FROM `mss_admin_log` [ RunTime:0.006000s ]
SQL: INSERT INTO `mss_admin_log` (`userid`,`time`,`loginfo`,`userip`) VALUES (1,1415771031,'管理员admin查看了用户列表','127.0.0.1') [ RunTime:0.000000s ]
SQL: SHOW COLUMNS FROM `mss_user` [ RunTime:0.005000s ]
SQL: SHOW COLUMNS FROM `mss_userinfo` [ RunTime:0.004000s ]
SQL: SELECT * FROM `mss_userinfo`  [ RunTime:0.001000s ]
SQL: SELECT * FROM `mss_user`  [ RunTime:0.000000s ]
INFO: [ view_parse ] --START--
INFO: ParseTemplate Behavior ::run [ RunTime:0.017001s ]
INFO: [ view_parse ] --END-- [ RunTime:0.017001s ]
INFO: [ view_filter ] --START--
INFO: ContentReplace Behavior ::run [ RunTime:0.001000s ]
INFO: TokenBuild Behavior ::run [ RunTime:0.000000s ]
INFO: WriteHtmlCache Behavior ::run [ RunTime:0.001000s ]
INFO: ShowRuntime Behavior ::run [ RunTime:0.000000s ]
INFO: [ view_filter ] --END-- [ RunTime:0.002000s ]
INFO: [ view_end ] --START--
INFO: ShowPageTrace Behavior ::run [ RunTime:0.000000s ]
INFO: [ view_end ] --END-- [ RunTime:0.000000s ]

[ 2014-11-12T14:04:21+08:00 ] 127.0.0.1 /mss/admin.php
INFO: [ app_begin ] --START--
INFO: ReadHtmlCache Behavior ::run [ RunTime:0.001000s ]
INFO: [ app_begin ] --END-- [ RunTime:0.001000s ]
SQL: SHOW COLUMNS FROM `mss_user` [ RunTime:0.018001s ]
SQL: SELECT COUNT(*) AS tp_count FROM `mss_user` WHERE ( ustatus=1 ) LIMIT 1   [ RunTime:0.000000s ]
SQL: SELECT COUNT(*) AS tp_count FROM `mss_user` WHERE (  (`regtime` BETWEEN 1415548800 AND 1415462400 ) ) LIMIT 1   [ RunTime:0.000000s ]
SQL: SHOW COLUMNS FROM `mss_order` [ RunTime:0.006000s ]
SQL: SELECT COUNT(*) AS tp_count FROM `mss_order` LIMIT 1   [ RunTime:0.000000s ]
SQL: SELECT COUNT(*) AS tp_count FROM `mss_order` WHERE ( paystatus=3 ) LIMIT 1   [ RunTime:0.000000s ]
SQL: SELECT COUNT(*) AS tp_count FROM `mss_order` WHERE ( `paystatus` NOT IN ('3') ) LIMIT 1   [ RunTime:0.016000s ]
SQL: SHOW COLUMNS FROM `mss_goods` [ RunTime:0.005001s ]
SQL: SELECT COUNT(*) AS tp_count FROM `mss_goods` LIMIT 1   [ RunTime:0.000000s ]
SQL: SHOW COLUMNS FROM `mss_admin_log` [ RunTime:0.039002s ]
SQL: SELECT * FROM `mss_admin_log` ORDER BY time desc LIMIT 0,5   [ RunTime:0.046003s ]
INFO: [ view_parse ] --START--
INFO: ParseTemplate Behavior ::run [ RunTime:0.045002s ]
INFO: [ view_parse ] --END-- [ RunTime:0.045002s ]
INFO: [ view_filter ] --START--
INFO: ContentReplace Behavior ::run [ RunTime:0.000000s ]
INFO: TokenBuild Behavior ::run [ RunTime:0.001000s ]
INFO: WriteHtmlCache Behavior ::run [ RunTime:0.000000s ]
INFO: ShowRuntime Behavior ::run [ RunTime:0.001000s ]
INFO: [ view_filter ] --END-- [ RunTime:0.002000s ]
INFO: [ view_end ] --START--
INFO: ShowPageTrace Behavior ::run [ RunTime:0.001000s ]
INFO: [ view_end ] --END-- [ RunTime:0.001000s ]

[ 2014-11-12T14:06:04+08:00 ] 127.0.0.1 /mss/admin.php
INFO: [ app_begin ] --START--
INFO: ReadHtmlCache Behavior ::run [ RunTime:0.001000s ]
INFO: [ app_begin ] --END-- [ RunTime:0.001000s ]
SQL: SHOW COLUMNS FROM `mss_user` [ RunTime:0.005000s ]
SQL: SELECT COUNT(*) AS tp_count FROM `mss_user` WHERE ( ustatus=1 ) LIMIT 1   [ RunTime:0.000000s ]
SQL: SELECT COUNT(*) AS tp_count FROM `mss_user` WHERE (  (`regtime` BETWEEN 1415548800 AND 1415462400 ) ) LIMIT 1   [ RunTime:0.001000s ]
SQL: SHOW COLUMNS FROM `mss_order` [ RunTime:0.006000s ]
SQL: SELECT COUNT(*) AS tp_count FROM `mss_order` LIMIT 1   [ RunTime:0.000000s ]
SQL: SELECT COUNT(*) AS tp_count FROM `mss_order` WHERE ( paystatus=3 ) LIMIT 1   [ RunTime:0.000000s ]
SQL: SELECT COUNT(*) AS tp_count FROM `mss_order` WHERE ( `paystatus` NOT IN ('3') ) LIMIT 1   [ RunTime:0.000000s ]
SQL: SHOW COLUMNS FROM `mss_goods` [ RunTime:0.007000s ]
SQL: SELECT COUNT(*) AS tp_count FROM `mss_goods` LIMIT 1   [ RunTime:0.001000s ]
SQL: SHOW COLUMNS FROM `mss_admin_log` [ RunTime:0.007001s ]
SQL: SELECT * FROM `mss_admin_log` ORDER BY time desc LIMIT 0,5   [ RunTime:0.003000s ]
INFO: [ view_parse ] --START--
INFO: ParseTemplate Behavior ::run [ RunTime:0.015001s ]
INFO: [ view_parse ] --END-- [ RunTime:0.015001s ]
INFO: [ view_filter ] --START--
INFO: ContentReplace Behavior ::run [ RunTime:0.001000s ]
INFO: TokenBuild Behavior ::run [ RunTime:0.000000s ]
INFO: WriteHtmlCache Behavior ::run [ RunTime:0.001000s ]
INFO: ShowRuntime Behavior ::run [ RunTime:0.000000s ]
INFO: [ view_filter ] --END-- [ RunTime:0.002000s ]
INFO: [ view_end ] --START--
INFO: ShowPageTrace Behavior ::run [ RunTime:0.000000s ]
INFO: [ view_end ] --END-- [ RunTime:0.001000s ]

[ 2014-11-12T14:09:12+08:00 ] 127.0.0.1 /mss/admin.php
INFO: [ app_begin ] --START--
INFO: ReadHtmlCache Behavior ::run [ RunTime:0.001001s ]
INFO: [ app_begin ] --END-- [ RunTime:0.001001s ]
SQL: SHOW COLUMNS FROM `mss_user` [ RunTime:0.006001s ]
SQL: SELECT COUNT(*) AS tp_count FROM `mss_user` WHERE ( ustatus=1 ) LIMIT 1   [ RunTime:0.000000s ]
SQL: SELECT COUNT(*) AS tp_count FROM `mss_user` WHERE (  (`regtime` BETWEEN 1415548800 AND 1415462400 ) ) LIMIT 1   [ RunTime:0.001000s ]
SQL: SHOW COLUMNS FROM `mss_order` [ RunTime:0.007000s ]
SQL: SELECT COUNT(*) AS tp_count FROM `mss_order` LIMIT 1   [ RunTime:0.000000s ]
SQL: SELECT COUNT(*) AS tp_count FROM `mss_order` WHERE ( paystatus=3 ) LIMIT 1   [ RunTime:0.000000s ]
SQL: SELECT COUNT(*) AS tp_count FROM `mss_order` WHERE ( `paystatus` NOT IN ('3') ) LIMIT 1   [ RunTime:0.000000s ]
SQL: SHOW COLUMNS FROM `mss_goods` [ RunTime:0.007001s ]
SQL: SELECT COUNT(*) AS tp_count FROM `mss_goods` LIMIT 1   [ RunTime:0.000000s ]
SQL: SHOW COLUMNS FROM `mss_admin_log` [ RunTime:0.005000s ]
SQL: SELECT * FROM `mss_admin_log` ORDER BY time desc LIMIT 0,5   [ RunTime:0.003000s ]
INFO: [ view_parse ] --START--
INFO: ParseTemplate Behavior ::run [ RunTime:0.016001s ]
INFO: [ view_parse ] --END-- [ RunTime:0.016001s ]
INFO: [ view_filter ] --START--
INFO: ContentReplace Behavior ::run [ RunTime:0.001000s ]
INFO: TokenBuild Behavior ::run [ RunTime:0.000000s ]
INFO: WriteHtmlCache Behavior ::run [ RunTime:0.001000s ]
INFO: ShowRuntime Behavior ::run [ RunTime:0.000000s ]
INFO: [ view_filter ] --END-- [ RunTime:0.002000s ]
INFO: [ view_end ] --START--
INFO: ShowPageTrace Behavior ::run [ RunTime:0.000000s ]
INFO: [ view_end ] --END-- [ RunTime:0.000000s ]

[ 2014-11-12T14:09:13+08:00 ] 127.0.0.1 /mss/admin.php
INFO: [ app_begin ] --START--
INFO: ReadHtmlCache Behavior ::run [ RunTime:0.000000s ]
INFO: [ app_begin ] --END-- [ RunTime:0.000000s ]
SQL: SHOW COLUMNS FROM `mss_user` [ RunTime:0.006000s ]
SQL: SELECT COUNT(*) AS tp_count FROM `mss_user` WHERE ( ustatus=1 ) LIMIT 1   [ RunTime:0.000000s ]
SQL: SELECT COUNT(*) AS tp_count FROM `mss_user` WHERE (  (`regtime` BETWEEN 1415548800 AND 1415462400 ) ) LIMIT 1   [ RunTime:0.001000s ]
SQL: SHOW COLUMNS FROM `mss_order` [ RunTime:0.005000s ]
SQL: SELECT COUNT(*) AS tp_count FROM `mss_order` LIMIT 1   [ RunTime:0.001000s ]
SQL: SELECT COUNT(*) AS tp_count FROM `mss_order` WHERE ( paystatus=3 ) LIMIT 1   [ RunTime:0.000000s ]
SQL: SELECT COUNT(*) AS tp_count FROM `mss_order` WHERE ( `paystatus` NOT IN ('3') ) LIMIT 1   [ RunTime:0.000000s ]
SQL: SHOW COLUMNS FROM `mss_goods` [ RunTime:0.007000s ]
SQL: SELECT COUNT(*) AS tp_count FROM `mss_goods` LIMIT 1   [ RunTime:0.001000s ]
SQL: SHOW COLUMNS FROM `mss_admin_log` [ RunTime:0.006000s ]
SQL: SELECT * FROM `mss_admin_log` ORDER BY time desc LIMIT 0,5   [ RunTime:0.004001s ]
INFO: [ view_parse ] --START--
INFO: ParseTemplate Behavior ::run [ RunTime:0.013000s ]
INFO: [ view_parse ] --END-- [ RunTime:0.013000s ]
INFO: [ view_filter ] --START--
INFO: ContentReplace Behavior ::run [ RunTime:0.001000s ]
INFO: TokenBuild Behavior ::run [ RunTime:0.000000s ]
INFO: WriteHtmlCache Behavior ::run [ RunTime:0.001001s ]
INFO: ShowRuntime Behavior ::run [ RunTime:0.000000s ]
INFO: [ view_filter ] --END-- [ RunTime:0.002001s ]
INFO: [ view_end ] --START--
INFO: ShowPageTrace Behavior ::run [ RunTime:0.002000s ]
INFO: [ view_end ] --END-- [ RunTime:0.002000s ]

[ 2014-11-12T14:09:34+08:00 ] 127.0.0.1 /mss/admin.php
INFO: [ app_begin ] --START--
INFO: ReadHtmlCache Behavior ::run [ RunTime:0.001000s ]
INFO: [ app_begin ] --END-- [ RunTime:0.001000s ]
SQL: SHOW COLUMNS FROM `mss_user` [ RunTime:0.007000s ]
SQL: SELECT COUNT(*) AS tp_count FROM `mss_user` WHERE ( ustatus=1 ) LIMIT 1   [ RunTime:0.000000s ]
SQL: SELECT COUNT(*) AS tp_count FROM `mss_user` WHERE (  (`regtime` BETWEEN 1415548800 AND 1415462400 ) ) LIMIT 1   [ RunTime:0.001000s ]
SQL: SHOW COLUMNS FROM `mss_order` [ RunTime:0.006000s ]
SQL: SELECT COUNT(*) AS tp_count FROM `mss_order` LIMIT 1   [ RunTime:0.000000s ]
SQL: SELECT COUNT(*) AS tp_count FROM `mss_order` WHERE ( paystatus=3 ) LIMIT 1   [ RunTime:0.000000s ]
SQL: SELECT COUNT(*) AS tp_count FROM `mss_order` WHERE ( `paystatus` NOT IN ('3') ) LIMIT 1   [ RunTime:0.000000s ]
SQL: SHOW COLUMNS FROM `mss_goods` [ RunTime:0.005000s ]
SQL: SELECT COUNT(*) AS tp_count FROM `mss_goods` LIMIT 1   [ RunTime:0.000000s ]
SQL: SHOW COLUMNS FROM `mss_admin_log` [ RunTime:0.004000s ]
SQL: SELECT * FROM `mss_admin_log` ORDER BY time desc LIMIT 0,5   [ RunTime:0.004000s ]
INFO: [ view_parse ] --START--
INFO: ParseTemplate Behavior ::run [ RunTime:0.021001s ]
INFO: [ view_parse ] --END-- [ RunTime:0.021001s ]
INFO: [ view_filter ] --START--
INFO: ContentReplace Behavior ::run [ RunTime:0.001000s ]
INFO: TokenBuild Behavior ::run [ RunTime:0.000000s ]
INFO: WriteHtmlCache Behavior ::run [ RunTime:0.001000s ]
INFO: ShowRuntime Behavior ::run [ RunTime:0.000000s ]
INFO: [ view_filter ] --END-- [ RunTime:0.002000s ]
INFO: [ view_end ] --START--
INFO: ShowPageTrace Behavior ::run [ RunTime:0.001000s ]
INFO: [ view_end ] --END-- [ RunTime:0.001000s ]

[ 2014-11-12T14:09:36+08:00 ] 127.0.0.1 /mss/admin.php
INFO: [ app_begin ] --START--
INFO: ReadHtmlCache Behavior ::run [ RunTime:0.001000s ]
INFO: [ app_begin ] --END-- [ RunTime:0.001000s ]
SQL: SHOW COLUMNS FROM `mss_user` [ RunTime:0.008000s ]
SQL: SELECT COUNT(*) AS tp_count FROM `mss_user` WHERE ( ustatus=1 ) LIMIT 1   [ RunTime:0.001000s ]
SQL: SELECT COUNT(*) AS tp_count FROM `mss_user` WHERE (  (`regtime` BETWEEN 1415548800 AND 1415462400 ) ) LIMIT 1   [ RunTime:0.000000s ]
SQL: SHOW COLUMNS FROM `mss_order` [ RunTime:0.006001s ]
SQL: SELECT COUNT(*) AS tp_count FROM `mss_order` LIMIT 1   [ RunTime:0.001000s ]
SQL: SELECT COUNT(*) AS tp_count FROM `mss_order` WHERE ( paystatus=3 ) LIMIT 1   [ RunTime:0.000000s ]
SQL: SELECT COUNT(*) AS tp_count FROM `mss_order` WHERE ( `paystatus` NOT IN ('3') ) LIMIT 1   [ RunTime:0.001000s ]
SQL: SHOW COLUMNS FROM `mss_goods` [ RunTime:0.007000s ]
SQL: SELECT COUNT(*) AS tp_count FROM `mss_goods` LIMIT 1   [ RunTime:0.001000s ]
SQL: SHOW COLUMNS FROM `mss_admin_log` [ RunTime:0.005000s ]
SQL: SELECT * FROM `mss_admin_log` ORDER BY time desc LIMIT 0,5   [ RunTime:0.005001s ]
INFO: [ view_parse ] --START--
INFO: ParseTemplate Behavior ::run [ RunTime:0.015001s ]
INFO: [ view_parse ] --END-- [ RunTime:0.015001s ]
INFO: [ view_filter ] --START--
INFO: ContentReplace Behavior ::run [ RunTime:0.001000s ]
INFO: TokenBuild Behavior ::run [ RunTime:0.000000s ]
INFO: WriteHtmlCache Behavior ::run [ RunTime:0.001000s ]
INFO: ShowRuntime Behavior ::run [ RunTime:0.000000s ]
INFO: [ view_filter ] --END-- [ RunTime:0.002000s ]
INFO: [ view_end ] --START--
INFO: ShowPageTrace Behavior ::run [ RunTime:0.000000s ]
INFO: [ view_end ] --END-- [ RunTime:0.000000s ]

[ 2014-11-12T14:10:22+08:00 ] 127.0.0.1 /mss/admin.php
INFO: [ app_begin ] --START--
INFO: ReadHtmlCache Behavior ::run [ RunTime:0.001000s ]
INFO: [ app_begin ] --END-- [ RunTime:0.001000s ]
SQL: SHOW COLUMNS FROM `mss_user` [ RunTime:0.005000s ]
SQL: SELECT COUNT(*) AS tp_count FROM `mss_user` WHERE ( ustatus=1 ) LIMIT 1   [ RunTime:0.000000s ]
SQL: SELECT COUNT(*) AS tp_count FROM `mss_user` WHERE (  (`regtime` BETWEEN 1415548800 AND 1415462400 ) ) LIMIT 1   [ RunTime:0.000000s ]
SQL: SHOW COLUMNS FROM `mss_order` [ RunTime:0.006000s ]
SQL: SELECT COUNT(*) AS tp_count FROM `mss_order` LIMIT 1   [ RunTime:0.000000s ]
SQL: SELECT COUNT(*) AS tp_count FROM `mss_order` WHERE ( paystatus=3 ) LIMIT 1   [ RunTime:0.000000s ]
SQL: SELECT COUNT(*) AS tp_count FROM `mss_order` WHERE ( `paystatus` NOT IN ('3') ) LIMIT 1   [ RunTime:0.001000s ]
SQL: SHOW COLUMNS FROM `mss_goods` [ RunTime:0.006001s ]
SQL: SELECT COUNT(*) AS tp_count FROM `mss_goods` LIMIT 1   [ RunTime:0.000000s ]
SQL: SHOW COLUMNS FROM `mss_admin_log` [ RunTime:0.006000s ]
SQL: SELECT * FROM `mss_admin_log` ORDER BY time desc LIMIT 0,5   [ RunTime:0.005000s ]
INFO: [ view_parse ] --START--
INFO: ParseTemplate Behavior ::run [ RunTime:0.019002s ]
INFO: [ view_parse ] --END-- [ RunTime:0.019002s ]
INFO: [ view_filter ] --START--
INFO: ContentReplace Behavior ::run [ RunTime:0.001000s ]
INFO: TokenBuild Behavior ::run [ RunTime:0.001000s ]
INFO: WriteHtmlCache Behavior ::run [ RunTime:0.001000s ]
INFO: ShowRuntime Behavior ::run [ RunTime:0.000000s ]
INFO: [ view_filter ] --END-- [ RunTime:0.003000s ]
INFO: [ view_end ] --START--
INFO: ShowPageTrace Behavior ::run [ RunTime:0.001000s ]
INFO: [ view_end ] --END-- [ RunTime:0.001000s ]

[ 2014-11-12T14:10:24+08:00 ] 127.0.0.1 /mss/admin.php
INFO: [ app_begin ] --START--
INFO: ReadHtmlCache Behavior ::run [ RunTime:0.001000s ]
INFO: [ app_begin ] --END-- [ RunTime:0.002000s ]
SQL: SHOW COLUMNS FROM `mss_user` [ RunTime:0.005000s ]
SQL: SELECT COUNT(*) AS tp_count FROM `mss_user` WHERE ( ustatus=1 ) LIMIT 1   [ RunTime:0.000000s ]
SQL: SELECT COUNT(*) AS tp_count FROM `mss_user` WHERE (  (`regtime` BETWEEN 1415548800 AND 1415462400 ) ) LIMIT 1   [ RunTime:0.000000s ]
SQL: SHOW COLUMNS FROM `mss_order` [ RunTime:0.006000s ]
SQL: SELECT COUNT(*) AS tp_count FROM `mss_order` LIMIT 1   [ RunTime:0.001000s ]
SQL: SELECT COUNT(*) AS tp_count FROM `mss_order` WHERE ( paystatus=3 ) LIMIT 1   [ RunTime:0.000000s ]
SQL: SELECT COUNT(*) AS tp_count FROM `mss_order` WHERE ( `paystatus` NOT IN ('3') ) LIMIT 1   [ RunTime:0.000000s ]
SQL: SHOW COLUMNS FROM `mss_goods` [ RunTime:0.009001s ]
SQL: SELECT COUNT(*) AS tp_count FROM `mss_goods` LIMIT 1   [ RunTime:0.000000s ]
SQL: SHOW COLUMNS FROM `mss_admin_log` [ RunTime:0.007000s ]
SQL: SELECT * FROM `mss_admin_log` ORDER BY time desc LIMIT 0,5   [ RunTime:0.004001s ]
INFO: [ view_parse ] --START--
INFO: ParseTemplate Behavior ::run [ RunTime:0.014000s ]
INFO: [ view_parse ] --END-- [ RunTime:0.015000s ]
INFO: [ view_filter ] --START--
INFO: ContentReplace Behavior ::run [ RunTime:0.001001s ]
INFO: TokenBuild Behavior ::run [ RunTime:0.000000s ]
INFO: WriteHtmlCache Behavior ::run [ RunTime:0.000000s ]
INFO: ShowRuntime Behavior ::run [ RunTime:0.001000s ]
INFO: [ view_filter ] --END-- [ RunTime:0.003001s ]
INFO: [ view_end ] --START--
INFO: ShowPageTrace Behavior ::run [ RunTime:0.001000s ]
INFO: [ view_end ] --END-- [ RunTime:0.001000s ]

[ 2014-11-12T14:10:33+08:00 ] 127.0.0.1 /mss/admin.php/Auser/lists
INFO: [ route_check ] --START--
INFO: CheckRoute Behavior ::run [ RunTime:0.001000s ]
INFO: [ route_check ] --END-- [ RunTime:0.001000s ]
INFO: [ app_begin ] --START--
INFO: ReadHtmlCache Behavior ::run [ RunTime:0.001000s ]
INFO: [ app_begin ] --END-- [ RunTime:0.001000s ]
SQL: SHOW COLUMNS FROM `mss_admin_log` [ RunTime:0.007001s ]
SQL: INSERT INTO `mss_admin_log` (`userid`,`time`,`loginfo`,`userip`) VALUES (1,1415772633,'管理员admin查看了管理员列表','127.0.0.1') [ RunTime:0.021001s ]
SQL: SHOW COLUMNS FROM `mss_user_admin` [ RunTime:0.040002s ]
SQL: SELECT * FROM `mss_user_admin`  [ RunTime:0.000000s ]
INFO: [ view_parse ] --START--
INFO: ParseTemplate Behavior ::run [ RunTime:0.034002s ]
INFO: [ view_parse ] --END-- [ RunTime:0.034002s ]
INFO: [ view_filter ] --START--
INFO: ContentReplace Behavior ::run [ RunTime:0.001000s ]
INFO: TokenBuild Behavior ::run [ RunTime:0.000000s ]
INFO: WriteHtmlCache Behavior ::run [ RunTime:0.001000s ]
INFO: ShowRuntime Behavior ::run [ RunTime:0.000000s ]
INFO: [ view_filter ] --END-- [ RunTime:0.002000s ]
INFO: [ view_end ] --START--
INFO: ShowPageTrace Behavior ::run [ RunTime:0.001000s ]
INFO: [ view_end ] --END-- [ RunTime:0.001000s ]

[ 2014-11-12T14:10:48+08:00 ] 127.0.0.1 /mss/admin.php/Order/lists
INFO: [ route_check ] --START--
INFO: CheckRoute Behavior ::run [ RunTime:0.001000s ]
INFO: [ route_check ] --END-- [ RunTime:0.001000s ]
INFO: [ app_begin ] --START--
INFO: ReadHtmlCache Behavior ::run [ RunTime:0.000000s ]
INFO: [ app_begin ] --END-- [ RunTime:0.001000s ]
SQL: SHOW COLUMNS FROM `mss_order` [ RunTime:0.007000s ]
SQL: SHOW COLUMNS FROM `mss_address` [ RunTime:0.006001s ]
SQL: SELECT * FROM `mss_order` ORDER BY addtime desc  [ RunTime:0.028001s ]
SQL: SHOW COLUMNS FROM `mss_dilivery` [ RunTime:0.005001s ]
SQL: SHOW COLUMNS FROM `mss_order_detail` [ RunTime:0.007000s ]
SQL: SELECT * FROM `mss_address` WHERE ( id=0 ) LIMIT 1   [ RunTime:0.001000s ]
SQL: SELECT * FROM `mss_dilivery` WHERE ( id=2 ) LIMIT 1   [ RunTime:0.000000s ]
SQL: SELECT SUM(subtotal) AS tp_sum FROM `mss_order_detail` WHERE ( orderid=32 ) LIMIT 1   [ RunTime:0.000000s ]
SQL: SELECT * FROM `mss_address` WHERE ( id=11 ) LIMIT 1   [ RunTime:0.000000s ]
SQL: SELECT * FROM `mss_dilivery` WHERE ( id=2 ) LIMIT 1   [ RunTime:0.000000s ]
SQL: SELECT SUM(subtotal) AS tp_sum FROM `mss_order_detail` WHERE ( orderid=31 ) LIMIT 1   [ RunTime:0.000000s ]
SQL: SELECT * FROM `mss_address` WHERE ( id=11 ) LIMIT 1   [ RunTime:0.001000s ]
SQL: SELECT * FROM `mss_dilivery` WHERE ( id=2 ) LIMIT 1   [ RunTime:0.000000s ]
SQL: SELECT SUM(subtotal) AS tp_sum FROM `mss_order_detail` WHERE ( orderid=30 ) LIMIT 1   [ RunTime:0.000000s ]
SQL: SELECT * FROM `mss_address` WHERE ( id=11 ) LIMIT 1   [ RunTime:0.000000s ]
SQL: SELECT * FROM `mss_dilivery` WHERE ( id=2 ) LIMIT 1   [ RunTime:0.000000s ]
SQL: SELECT SUM(subtotal) AS tp_sum FROM `mss_order_detail` WHERE ( orderid=29 ) LIMIT 1   [ RunTime:0.001000s ]
SQL: SELECT * FROM `mss_address` WHERE ( id=0 ) LIMIT 1   [ RunTime:0.000000s ]
SQL: SELECT * FROM `mss_dilivery` WHERE ( id=2 ) LIMIT 1   [ RunTime:0.000000s ]
SQL: SELECT SUM(subtotal) AS tp_sum FROM `mss_order_detail` WHERE ( orderid=28 ) LIMIT 1   [ RunTime:0.001001s ]
SQL: SELECT * FROM `mss_address` WHERE ( id=0 ) LIMIT 1   [ RunTime:0.000000s ]
SQL: SELECT * FROM `mss_dilivery` WHERE ( id=2 ) LIMIT 1   [ RunTime:0.000000s ]
SQL: SELECT SUM(subtotal) AS tp_sum FROM `mss_order_detail` WHERE ( orderid=27 ) LIMIT 1   [ RunTime:0.000000s ]
SQL: SELECT * FROM `mss_address` WHERE ( id=2 ) LIMIT 1   [ RunTime:0.000000s ]
SQL: SELECT * FROM `mss_dilivery` WHERE ( id=2 ) LIMIT 1   [ RunTime:0.000000s ]
SQL: SELECT SUM(subtotal) AS tp_sum FROM `mss_order_detail` WHERE ( orderid=26 ) LIMIT 1   [ RunTime:0.000000s ]
SQL: SELECT * FROM `mss_address` WHERE ( id=1 ) LIMIT 1   [ RunTime:0.000000s ]
SQL: SELECT * FROM `mss_dilivery` WHERE ( id=2 ) LIMIT 1   [ RunTime:0.000000s ]
SQL: SELECT SUM(subtotal) AS tp_sum FROM `mss_order_detail` WHERE ( orderid=25 ) LIMIT 1   [ RunTime:0.001000s ]
SQL: SELECT * FROM `mss_address` WHERE ( id=1 ) LIMIT 1   [ RunTime:0.000000s ]
SQL: SELECT * FROM `mss_dilivery` WHERE ( id=3 ) LIMIT 1   [ RunTime:0.001000s ]
SQL: SELECT SUM(subtotal) AS tp_sum FROM `mss_order_detail` WHERE ( orderid=24 ) LIMIT 1   [ RunTime:0.000000s ]
SQL: SELECT * FROM `mss_address` WHERE ( id=2 ) LIMIT 1   [ RunTime:0.000000s ]
SQL: SELECT * FROM `mss_dilivery` WHERE ( id=3 ) LIMIT 1   [ RunTime:0.001000s ]
SQL: SELECT SUM(subtotal) AS tp_sum FROM `mss_order_detail` WHERE ( orderid=23 ) LIMIT 1   [ RunTime:0.000000s ]
INFO: [ view_parse ] --START--
INFO: ParseTemplate Behavior ::run [ RunTime:0.015001s ]
INFO: [ view_parse ] --END-- [ RunTime:0.015001s ]
INFO: [ view_filter ] --START--
INFO: ContentReplace Behavior ::run [ RunTime:0.001000s ]
INFO: TokenBuild Behavior ::run [ RunTime:0.001000s ]
INFO: WriteHtmlCache Behavior ::run [ RunTime:0.002000s ]
INFO: ShowRuntime Behavior ::run [ RunTime:0.000000s ]
INFO: [ view_filter ] --END-- [ RunTime:0.004000s ]
INFO: [ view_end ] --START--
INFO: ShowPageTrace Behavior ::run [ RunTime:0.001000s ]
INFO: [ view_end ] --END-- [ RunTime:0.001000s ]

[ 2014-11-12T14:10:51+08:00 ] 127.0.0.1 /mss/admin.php/Order/lists
INFO: [ route_check ] --START--
INFO: CheckRoute Behavior ::run [ RunTime:0.001000s ]
INFO: [ route_check ] --END-- [ RunTime:0.001000s ]
INFO: [ app_begin ] --START--
INFO: ReadHtmlCache Behavior ::run [ RunTime:0.000000s ]
INFO: [ app_begin ] --END-- [ RunTime:0.001000s ]
SQL: SHOW COLUMNS FROM `mss_order` [ RunTime:0.008000s ]
SQL: SHOW COLUMNS FROM `mss_address` [ RunTime:0.005000s ]
SQL: SELECT * FROM `mss_order` ORDER BY addtime desc  [ RunTime:0.001001s ]
SQL: SHOW COLUMNS FROM `mss_dilivery` [ RunTime:0.007000s ]
SQL: SHOW COLUMNS FROM `mss_order_detail` [ RunTime:0.017001s ]
SQL: SELECT * FROM `mss_address` WHERE ( id=0 ) LIMIT 1   [ RunTime:0.000000s ]
SQL: SELECT * FROM `mss_dilivery` WHERE ( id=2 ) LIMIT 1   [ RunTime:0.001000s ]
SQL: SELECT SUM(subtotal) AS tp_sum FROM `mss_order_detail` WHERE ( orderid=32 ) LIMIT 1   [ RunTime:0.000000s ]
SQL: SELECT * FROM `mss_address` WHERE ( id=11 ) LIMIT 1   [ RunTime:0.000000s ]
SQL: SELECT * FROM `mss_dilivery` WHERE ( id=2 ) LIMIT 1   [ RunTime:0.000000s ]
SQL: SELECT SUM(subtotal) AS tp_sum FROM `mss_order_detail` WHERE ( orderid=31 ) LIMIT 1   [ RunTime:0.000000s ]
SQL: SELECT * FROM `mss_address` WHERE ( id=11 ) LIMIT 1   [ RunTime:0.001000s ]
SQL: SELECT * FROM `mss_dilivery` WHERE ( id=2 ) LIMIT 1   [ RunTime:0.000000s ]
SQL: SELECT SUM(subtotal) AS tp_sum FROM `mss_order_detail` WHERE ( orderid=30 ) LIMIT 1   [ RunTime:0.000000s ]
SQL: SELECT * FROM `mss_address` WHERE ( id=11 ) LIMIT 1   [ RunTime:0.001000s ]
SQL: SELECT * FROM `mss_dilivery` WHERE ( id=2 ) LIMIT 1   [ RunTime:0.000000s ]
SQL: SELECT SUM(subtotal) AS tp_sum FROM `mss_order_detail` WHERE ( orderid=29 ) LIMIT 1   [ RunTime:0.000000s ]
SQL: SELECT * FROM `mss_address` WHERE ( id=0 ) LIMIT 1   [ RunTime:0.000000s ]
SQL: SELECT * FROM `mss_dilivery` WHERE ( id=2 ) LIMIT 1   [ RunTime:0.000000s ]
SQL: SELECT SUM(subtotal) AS tp_sum FROM `mss_order_detail` WHERE ( orderid=28 ) LIMIT 1   [ RunTime:0.000000s ]
SQL: SELECT * FROM `mss_address` WHERE ( id=0 ) LIMIT 1   [ RunTime:0.000000s ]
SQL: SELECT * FROM `mss_dilivery` WHERE ( id=2 ) LIMIT 1   [ RunTime:0.001000s ]
SQL: SELECT SUM(subtotal) AS tp_sum FROM `mss_order_detail` WHERE ( orderid=27 ) LIMIT 1   [ RunTime:0.000000s ]
SQL: SELECT * FROM `mss_address` WHERE ( id=2 ) LIMIT 1   [ RunTime:0.000000s ]
SQL: SELECT * FROM `mss_dilivery` WHERE ( id=2 ) LIMIT 1   [ RunTime:0.001000s ]
SQL: SELECT SUM(subtotal) AS tp_sum FROM `mss_order_detail` WHERE ( orderid=26 ) LIMIT 1   [ RunTime:0.000000s ]
SQL: SELECT * FROM `mss_address` WHERE ( id=1 ) LIMIT 1   [ RunTime:0.000000s ]
SQL: SELECT * FROM `mss_dilivery` WHERE ( id=2 ) LIMIT 1   [ RunTime:0.000000s ]
SQL: SELECT SUM(subtotal) AS tp_sum FROM `mss_order_detail` WHERE ( orderid=25 ) LIMIT 1   [ RunTime:0.000000s ]
SQL: SELECT * FROM `mss_address` WHERE ( id=1 ) LIMIT 1   [ RunTime:0.000000s ]
SQL: SELECT * FROM `mss_dilivery` WHERE ( id=3 ) LIMIT 1   [ RunTime:0.001000s ]
SQL: SELECT SUM(subtotal) AS tp_sum FROM `mss_order_detail` WHERE ( orderid=24 ) LIMIT 1   [ RunTime:0.000000s ]
SQL: SELECT * FROM `mss_address` WHERE ( id=2 ) LIMIT 1   [ RunTime:0.001001s ]
SQL: SELECT * FROM `mss_dilivery` WHERE ( id=3 ) LIMIT 1   [ RunTime:0.000000s ]
SQL: SELECT SUM(subtotal) AS tp_sum FROM `mss_order_detail` WHERE ( orderid=23 ) LIMIT 1   [ RunTime:0.000000s ]
INFO: [ view_parse ] --START--
INFO: ParseTemplate Behavior ::run [ RunTime:0.014000s ]
INFO: [ view_parse ] --END-- [ RunTime:0.015000s ]
INFO: [ view_filter ] --START--
INFO: ContentReplace Behavior ::run [ RunTime:0.001000s ]
INFO: TokenBuild Behavior ::run [ RunTime:0.000000s ]
INFO: WriteHtmlCache Behavior ::run [ RunTime:0.001001s ]
INFO: ShowRuntime Behavior ::run [ RunTime:0.001000s ]
INFO: [ view_filter ] --END-- [ RunTime:0.004001s ]
INFO: [ view_end ] --START--
INFO: ShowPageTrace Behavior ::run [ RunTime:0.001000s ]
INFO: [ view_end ] --END-- [ RunTime:0.001000s ]

[ 2014-11-12T14:10:53+08:00 ] 127.0.0.1 /mss/admin.php/Order/lists
INFO: [ route_check ] --START--
INFO: CheckRoute Behavior ::run [ RunTime:0.001000s ]
INFO: [ route_check ] --END-- [ RunTime:0.001000s ]
INFO: [ app_begin ] --START--
INFO: ReadHtmlCache Behavior ::run [ RunTime:0.001000s ]
INFO: [ app_begin ] --END-- [ RunTime:0.001000s ]
SQL: SHOW COLUMNS FROM `mss_order` [ RunTime:0.034002s ]
SQL: SHOW COLUMNS FROM `mss_address` [ RunTime:0.013001s ]
SQL: SELECT * FROM `mss_order` ORDER BY addtime desc  [ RunTime:0.000000s ]
SQL: SHOW COLUMNS FROM `mss_dilivery` [ RunTime:0.013001s ]
SQL: SHOW COLUMNS FROM `mss_order_detail` [ RunTime:0.005000s ]
SQL: SELECT * FROM `mss_address` WHERE ( id=0 ) LIMIT 1   [ RunTime:0.001000s ]
SQL: SELECT * FROM `mss_dilivery` WHERE ( id=2 ) LIMIT 1   [ RunTime:0.000000s ]
SQL: SELECT SUM(subtotal) AS tp_sum FROM `mss_order_detail` WHERE ( orderid=32 ) LIMIT 1   [ RunTime:0.000000s ]
SQL: SELECT * FROM `mss_address` WHERE ( id=11 ) LIMIT 1   [ RunTime:0.000000s ]
SQL: SELECT * FROM `mss_dilivery` WHERE ( id=2 ) LIMIT 1   [ RunTime:0.001000s ]
SQL: SELECT SUM(subtotal) AS tp_sum FROM `mss_order_detail` WHERE ( orderid=31 ) LIMIT 1   [ RunTime:0.000000s ]
SQL: SELECT * FROM `mss_address` WHERE ( id=11 ) LIMIT 1   [ RunTime:0.001000s ]
SQL: SELECT * FROM `mss_dilivery` WHERE ( id=2 ) LIMIT 1   [ RunTime:0.001000s ]
SQL: SELECT SUM(subtotal) AS tp_sum FROM `mss_order_detail` WHERE ( orderid=30 ) LIMIT 1   [ RunTime:0.001000s ]
SQL: SELECT * FROM `mss_address` WHERE ( id=11 ) LIMIT 1   [ RunTime:0.001000s ]
SQL: SELECT * FROM `mss_dilivery` WHERE ( id=2 ) LIMIT 1   [ RunTime:0.000000s ]
SQL: SELECT SUM(subtotal) AS tp_sum FROM `mss_order_detail` WHERE ( orderid=29 ) LIMIT 1   [ RunTime:0.000000s ]
SQL: SELECT * FROM `mss_address` WHERE ( id=0 ) LIMIT 1   [ RunTime:0.001000s ]
SQL: SELECT * FROM `mss_dilivery` WHERE ( id=2 ) LIMIT 1   [ RunTime:0.000000s ]
SQL: SELECT SUM(subtotal) AS tp_sum FROM `mss_order_detail` WHERE ( orderid=28 ) LIMIT 1   [ RunTime:0.000000s ]
SQL: SELECT * FROM `mss_address` WHERE ( id=0 ) LIMIT 1   [ RunTime:0.000000s ]
SQL: SELECT * FROM `mss_dilivery` WHERE ( id=2 ) LIMIT 1   [ RunTime:0.000000s ]
SQL: SELECT SUM(subtotal) AS tp_sum FROM `mss_order_detail` WHERE ( orderid=27 ) LIMIT 1   [ RunTime:0.000000s ]
SQL: SELECT * FROM `mss_address` WHERE ( id=2 ) LIMIT 1   [ RunTime:0.000000s ]
SQL: SELECT * FROM `mss_dilivery` WHERE ( id=2 ) LIMIT 1   [ RunTime:0.000000s ]
SQL: SELECT SUM(subtotal) AS tp_sum FROM `mss_order_detail` WHERE ( orderid=26 ) LIMIT 1   [ RunTime:0.001000s ]
SQL: SELECT * FROM `mss_address` WHERE ( id=1 ) LIMIT 1   [ RunTime:0.000000s ]
SQL: SELECT * FROM `mss_dilivery` WHERE ( id=2 ) LIMIT 1   [ RunTime:0.001000s ]
SQL: SELECT SUM(subtotal) AS tp_sum FROM `mss_order_detail` WHERE ( orderid=25 ) LIMIT 1   [ RunTime:0.000000s ]
SQL: SELECT * FROM `mss_address` WHERE ( id=1 ) LIMIT 1   [ RunTime:0.000000s ]
SQL: SELECT * FROM `mss_dilivery` WHERE ( id=3 ) LIMIT 1   [ RunTime:0.000000s ]
SQL: SELECT SUM(subtotal) AS tp_sum FROM `mss_order_detail` WHERE ( orderid=24 ) LIMIT 1   [ RunTime:0.000000s ]
SQL: SELECT * FROM `mss_address` WHERE ( id=2 ) LIMIT 1   [ RunTime:0.000000s ]
SQL: SELECT * FROM `mss_dilivery` WHERE ( id=3 ) LIMIT 1   [ RunTime:0.001000s ]
SQL: SELECT SUM(subtotal) AS tp_sum FROM `mss_order_detail` WHERE ( orderid=23 ) LIMIT 1   [ RunTime:0.000000s ]
INFO: [ view_parse ] --START--
INFO: ParseTemplate Behavior ::run [ RunTime:0.014001s ]
INFO: [ view_parse ] --END-- [ RunTime:0.015001s ]
INFO: [ view_filter ] --START--
INFO: ContentReplace Behavior ::run [ RunTime:0.001000s ]
INFO: TokenBuild Behavior ::run [ RunTime:0.001000s ]
INFO: WriteHtmlCache Behavior ::run [ RunTime:0.000000s ]
INFO: ShowRuntime Behavior ::run [ RunTime:0.001000s ]
INFO: [ view_filter ] --END-- [ RunTime:0.003000s ]
INFO: [ view_end ] --START--
INFO: ShowPageTrace Behavior ::run [ RunTime:0.002000s ]
INFO: [ view_end ] --END-- [ RunTime:0.002000s ]

[ 2014-11-12T14:10:57+08:00 ] 127.0.0.1 /mss/admin.php/Order/lists
INFO: [ route_check ] --START--
INFO: CheckRoute Behavior ::run [ RunTime:0.001000s ]
INFO: [ route_check ] --END-- [ RunTime:0.001000s ]
INFO: [ app_begin ] --START--
INFO: ReadHtmlCache Behavior ::run [ RunTime:0.001000s ]
INFO: [ app_begin ] --END-- [ RunTime:0.001000s ]
SQL: SHOW COLUMNS FROM `mss_order` [ RunTime:0.006000s ]
SQL: SHOW COLUMNS FROM `mss_address` [ RunTime:0.006001s ]
SQL: SELECT * FROM `mss_order` ORDER BY addtime desc  [ RunTime:0.001000s ]
SQL: SHOW COLUMNS FROM `mss_dilivery` [ RunTime:0.006000s ]
SQL: SHOW COLUMNS FROM `mss_order_detail` [ RunTime:0.004000s ]
SQL: SELECT * FROM `mss_address` WHERE ( id=0 ) LIMIT 1   [ RunTime:0.000000s ]
SQL: SELECT * FROM `mss_dilivery` WHERE ( id=2 ) LIMIT 1   [ RunTime:0.000000s ]
SQL: SELECT SUM(subtotal) AS tp_sum FROM `mss_order_detail` WHERE ( orderid=32 ) LIMIT 1   [ RunTime:0.000000s ]
SQL: SELECT * FROM `mss_address` WHERE ( id=11 ) LIMIT 1   [ RunTime:0.000000s ]
SQL: SELECT * FROM `mss_dilivery` WHERE ( id=2 ) LIMIT 1   [ RunTime:0.000000s ]
SQL: SELECT SUM(subtotal) AS tp_sum FROM `mss_order_detail` WHERE ( orderid=31 ) LIMIT 1   [ RunTime:0.000000s ]
SQL: SELECT * FROM `mss_address` WHERE ( id=11 ) LIMIT 1   [ RunTime:0.000000s ]
SQL: SELECT * FROM `mss_dilivery` WHERE ( id=2 ) LIMIT 1   [ RunTime:0.000000s ]
SQL: SELECT SUM(subtotal) AS tp_sum FROM `mss_order_detail` WHERE ( orderid=30 ) LIMIT 1   [ RunTime:0.000000s ]
SQL: SELECT * FROM `mss_address` WHERE ( id=11 ) LIMIT 1   [ RunTime:0.000000s ]
SQL: SELECT * FROM `mss_dilivery` WHERE ( id=2 ) LIMIT 1   [ RunTime:0.000000s ]
SQL: SELECT SUM(subtotal) AS tp_sum FROM `mss_order_detail` WHERE ( orderid=29 ) LIMIT 1   [ RunTime:0.001000s ]
SQL: SELECT * FROM `mss_address` WHERE ( id=0 ) LIMIT 1   [ RunTime:0.000000s ]
SQL: SELECT * FROM `mss_dilivery` WHERE ( id=2 ) LIMIT 1   [ RunTime:0.001000s ]
SQL: SELECT SUM(subtotal) AS tp_sum FROM `mss_order_detail` WHERE ( orderid=28 ) LIMIT 1   [ RunTime:0.000000s ]
SQL: SELECT * FROM `mss_address` WHERE ( id=0 ) LIMIT 1   [ RunTime:0.000000s ]
SQL: SELECT * FROM `mss_dilivery` WHERE ( id=2 ) LIMIT 1   [ RunTime:0.000000s ]
SQL: SELECT SUM(subtotal) AS tp_sum FROM `mss_order_detail` WHERE ( orderid=27 ) LIMIT 1   [ RunTime:0.001000s ]
SQL: SELECT * FROM `mss_address` WHERE ( id=2 ) LIMIT 1   [ RunTime:0.000000s ]
SQL: SELECT * FROM `mss_dilivery` WHERE ( id=2 ) LIMIT 1   [ RunTime:0.001000s ]
SQL: SELECT SUM(subtotal) AS tp_sum FROM `mss_order_detail` WHERE ( orderid=26 ) LIMIT 1   [ RunTime:0.000000s ]
SQL: SELECT * FROM `mss_address` WHERE ( id=1 ) LIMIT 1   [ RunTime:0.001000s ]
SQL: SELECT * FROM `mss_dilivery` WHERE ( id=2 ) LIMIT 1   [ RunTime:0.000000s ]
SQL: SELECT SUM(subtotal) AS tp_sum FROM `mss_order_detail` WHERE ( orderid=25 ) LIMIT 1   [ RunTime:0.001000s ]
SQL: SELECT * FROM `mss_address` WHERE ( id=1 ) LIMIT 1   [ RunTime:0.001000s ]
SQL: SELECT * FROM `mss_dilivery` WHERE ( id=3 ) LIMIT 1   [ RunTime:0.000000s ]
SQL: SELECT SUM(subtotal) AS tp_sum FROM `mss_order_detail` WHERE ( orderid=24 ) LIMIT 1   [ RunTime:0.000000s ]
SQL: SELECT * FROM `mss_address` WHERE ( id=2 ) LIMIT 1   [ RunTime:0.001000s ]
SQL: SELECT * FROM `mss_dilivery` WHERE ( id=3 ) LIMIT 1   [ RunTime:0.000000s ]
SQL: SELECT SUM(subtotal) AS tp_sum FROM `mss_order_detail` WHERE ( orderid=23 ) LIMIT 1   [ RunTime:0.000000s ]
INFO: [ view_parse ] --START--
INFO: ParseTemplate Behavior ::run [ RunTime:0.017001s ]
INFO: [ view_parse ] --END-- [ RunTime:0.017001s ]
INFO: [ view_filter ] --START--
INFO: ContentReplace Behavior ::run [ RunTime:0.001000s ]
INFO: TokenBuild Behavior ::run [ RunTime:0.000000s ]
INFO: WriteHtmlCache Behavior ::run [ RunTime:0.001000s ]
INFO: ShowRuntime Behavior ::run [ RunTime:0.001001s ]
INFO: [ view_filter ] --END-- [ RunTime:0.005001s ]
INFO: [ view_end ] --START--
INFO: ShowPageTrace Behavior ::run [ RunTime:0.002000s ]
INFO: [ view_end ] --END-- [ RunTime:0.002000s ]

[ 2014-11-12T14:11:09+08:00 ] 127.0.0.1 /mss/admin.php/Order/lists
INFO: [ route_check ] --START--
INFO: CheckRoute Behavior ::run [ RunTime:0.001001s ]
INFO: [ route_check ] --END-- [ RunTime:0.001001s ]
INFO: [ app_begin ] --START--
INFO: ReadHtmlCache Behavior ::run [ RunTime:0.001000s ]
INFO: [ app_begin ] --END-- [ RunTime:0.001000s ]
SQL: SHOW COLUMNS FROM `mss_order` [ RunTime:0.011000s ]
SQL: SHOW COLUMNS FROM `mss_address` [ RunTime:0.010001s ]
SQL: SELECT * FROM `mss_order` ORDER BY addtime desc  [ RunTime:0.001000s ]
SQL: SHOW COLUMNS FROM `mss_dilivery` [ RunTime:0.006001s ]
SQL: SHOW COLUMNS FROM `mss_order_detail` [ RunTime:0.007000s ]
SQL: SELECT * FROM `mss_address` WHERE ( id=0 ) LIMIT 1   [ RunTime:0.000000s ]
SQL: SELECT * FROM `mss_dilivery` WHERE ( id=2 ) LIMIT 1   [ RunTime:0.000000s ]
SQL: SELECT SUM(subtotal) AS tp_sum FROM `mss_order_detail` WHERE ( orderid=32 ) LIMIT 1   [ RunTime:0.000000s ]
SQL: SELECT * FROM `mss_address` WHERE ( id=11 ) LIMIT 1   [ RunTime:0.000000s ]
SQL: SELECT * FROM `mss_dilivery` WHERE ( id=2 ) LIMIT 1   [ RunTime:0.000000s ]
SQL: SELECT SUM(subtotal) AS tp_sum FROM `mss_order_detail` WHERE ( orderid=31 ) LIMIT 1   [ RunTime:0.001000s ]
SQL: SELECT * FROM `mss_address` WHERE ( id=11 ) LIMIT 1   [ RunTime:0.000000s ]
SQL: SELECT * FROM `mss_dilivery` WHERE ( id=2 ) LIMIT 1   [ RunTime:0.001000s ]
SQL: SELECT SUM(subtotal) AS tp_sum FROM `mss_order_detail` WHERE ( orderid=30 ) LIMIT 1   [ RunTime:0.000000s ]
SQL: SELECT * FROM `mss_address` WHERE ( id=11 ) LIMIT 1   [ RunTime:0.001000s ]
SQL: SELECT * FROM `mss_dilivery` WHERE ( id=2 ) LIMIT 1   [ RunTime:0.000000s ]
SQL: SELECT SUM(subtotal) AS tp_sum FROM `mss_order_detail` WHERE ( orderid=29 ) LIMIT 1   [ RunTime:0.001000s ]
SQL: SELECT * FROM `mss_address` WHERE ( id=0 ) LIMIT 1   [ RunTime:0.000000s ]
SQL: SELECT * FROM `mss_dilivery` WHERE ( id=2 ) LIMIT 1   [ RunTime:0.000000s ]
SQL: SELECT SUM(subtotal) AS tp_sum FROM `mss_order_detail` WHERE ( orderid=28 ) LIMIT 1   [ RunTime:0.001000s ]
SQL: SELECT * FROM `mss_address` WHERE ( id=0 ) LIMIT 1   [ RunTime:0.000000s ]
SQL: SELECT * FROM `mss_dilivery` WHERE ( id=2 ) LIMIT 1   [ RunTime:0.000000s ]
SQL: SELECT SUM(subtotal) AS tp_sum FROM `mss_order_detail` WHERE ( orderid=27 ) LIMIT 1   [ RunTime:0.000000s ]
SQL: SELECT * FROM `mss_address` WHERE ( id=2 ) LIMIT 1   [ RunTime:0.000000s ]
SQL: SELECT * FROM `mss_dilivery` WHERE ( id=2 ) LIMIT 1   [ RunTime:0.000000s ]
SQL: SELECT SUM(subtotal) AS tp_sum FROM `mss_order_detail` WHERE ( orderid=26 ) LIMIT 1   [ RunTime:0.000000s ]
SQL: SELECT * FROM `mss_address` WHERE ( id=1 ) LIMIT 1   [ RunTime:0.001000s ]
SQL: SELECT * FROM `mss_dilivery` WHERE ( id=2 ) LIMIT 1   [ RunTime:0.000000s ]
SQL: SELECT SUM(subtotal) AS tp_sum FROM `mss_order_detail` WHERE ( orderid=25 ) LIMIT 1   [ RunTime:0.001000s ]
SQL: SELECT * FROM `mss_address` WHERE ( id=1 ) LIMIT 1   [ RunTime:0.000000s ]
SQL: SELECT * FROM `mss_dilivery` WHERE ( id=3 ) LIMIT 1   [ RunTime:0.000000s ]
SQL: SELECT SUM(subtotal) AS tp_sum FROM `mss_order_detail` WHERE ( orderid=24 ) LIMIT 1   [ RunTime:0.001001s ]
SQL: SELECT * FROM `mss_address` WHERE ( id=2 ) LIMIT 1   [ RunTime:0.000000s ]
SQL: SELECT * FROM `mss_dilivery` WHERE ( id=3 ) LIMIT 1   [ RunTime:0.000000s ]
SQL: SELECT SUM(subtotal) AS tp_sum FROM `mss_order_detail` WHERE ( orderid=23 ) LIMIT 1   [ RunTime:0.000000s ]
INFO: [ view_parse ] --START--
INFO: ParseTemplate Behavior ::run [ RunTime:0.014000s ]
INFO: [ view_parse ] --END-- [ RunTime:0.014000s ]
INFO: [ view_filter ] --START--
INFO: ContentReplace Behavior ::run [ RunTime:0.000000s ]
INFO: TokenBuild Behavior ::run [ RunTime:0.001000s ]
INFO: WriteHtmlCache Behavior ::run [ RunTime:0.000000s ]
INFO: ShowRuntime Behavior ::run [ RunTime:0.001001s ]
INFO: [ view_filter ] --END-- [ RunTime:0.002001s ]
INFO: [ view_end ] --START--
INFO: ShowPageTrace Behavior ::run [ RunTime:0.001000s ]
INFO: [ view_end ] --END-- [ RunTime:0.001000s ]

[ 2014-11-12T14:11:12+08:00 ] 127.0.0.1 /mss/admin.php/Model/lists
INFO: [ route_check ] --START--
INFO: CheckRoute Behavior ::run [ RunTime:0.000000s ]
INFO: [ route_check ] --END-- [ RunTime:0.001000s ]
INFO: [ app_begin ] --START--
INFO: ReadHtmlCache Behavior ::run [ RunTime:0.001000s ]
INFO: [ app_begin ] --END-- [ RunTime:0.001000s ]
SQL: SHOW COLUMNS FROM `mss_model` [ RunTime:0.025001s ]
SQL: SELECT * FROM `mss_model` ORDER BY id desc  [ RunTime:0.002000s ]
INFO: [ view_parse ] --START--
INFO: ParseTemplate Behavior ::run [ RunTime:0.018001s ]
INFO: [ view_parse ] --END-- [ RunTime:0.018001s ]
INFO: [ view_filter ] --START--
INFO: ContentReplace Behavior ::run [ RunTime:0.001001s ]
INFO: TokenBuild Behavior ::run [ RunTime:0.000000s ]
INFO: WriteHtmlCache Behavior ::run [ RunTime:0.001000s ]
INFO: ShowRuntime Behavior ::run [ RunTime:0.000000s ]
INFO: [ view_filter ] --END-- [ RunTime:0.002001s ]
INFO: [ view_end ] --START--
INFO: ShowPageTrace Behavior ::run [ RunTime:0.001000s ]
INFO: [ view_end ] --END-- [ RunTime:0.001000s ]

[ 2014-11-12T14:13:15+08:00 ] 127.0.0.1 /mss/admin.php/Model/set
INFO: [ route_check ] --START--
INFO: CheckRoute Behavior ::run [ RunTime:0.001000s ]
INFO: [ route_check ] --END-- [ RunTime:0.001000s ]
INFO: [ app_begin ] --START--
INFO: ReadHtmlCache Behavior ::run [ RunTime:0.000000s ]
INFO: [ app_begin ] --END-- [ RunTime:0.000000s ]
INFO: [ view_parse ] --START--
INFO: ParseTemplate Behavior ::run [ RunTime:0.035002s ]
INFO: [ view_parse ] --END-- [ RunTime:0.035002s ]
INFO: [ view_filter ] --START--
INFO: ContentReplace Behavior ::run [ RunTime:0.001000s ]
INFO: TokenBuild Behavior ::run [ RunTime:0.001000s ]
INFO: WriteHtmlCache Behavior ::run [ RunTime:0.000000s ]
INFO: ShowRuntime Behavior ::run [ RunTime:0.001000s ]
INFO: [ view_filter ] --END-- [ RunTime:0.003000s ]
INFO: [ view_end ] --START--
INFO: ShowPageTrace Behavior ::run [ RunTime:0.001000s ]
INFO: [ view_end ] --END-- [ RunTime:0.001000s ]

[ 2014-11-12T14:13:19+08:00 ] 127.0.0.1 /mss/admin.php/Model/setModel
INFO: [ route_check ] --START--
INFO: CheckRoute Behavior ::run [ RunTime:0.001000s ]
INFO: [ route_check ] --END-- [ RunTime:0.001000s ]
INFO: [ app_begin ] --START--
INFO: ReadHtmlCache Behavior ::run [ RunTime:0.000000s ]
INFO: [ app_begin ] --END-- [ RunTime:0.001000s ]
NOTIC: [2] mkdir(): File exists F:\www\mss\Admin\Lib\Action\ModelAction.class.php 第 81 行.
INFO: [ view_parse ] --START--
INFO: ParseTemplate Behavior ::run [ RunTime:0.028001s ]
INFO: [ view_parse ] --END-- [ RunTime:0.028001s ]
INFO: [ view_filter ] --START--
INFO: ContentReplace Behavior ::run [ RunTime:0.000000s ]
INFO: TokenBuild Behavior ::run [ RunTime:0.001000s ]
INFO: WriteHtmlCache Behavior ::run [ RunTime:0.000000s ]
INFO: ShowRuntime Behavior ::run [ RunTime:0.025002s ]
INFO: [ view_filter ] --END-- [ RunTime:0.026002s ]
INFO: [ view_end ] --START--
INFO: ShowPageTrace Behavior ::run [ RunTime:0.001000s ]
INFO: [ view_end ] --END-- [ RunTime:0.001000s ]

[ 2014-11-12T14:13:20+08:00 ] 127.0.0.1 /mss/admin.php/Model/set
INFO: [ route_check ] --START--
INFO: CheckRoute Behavior ::run [ RunTime:0.009001s ]
INFO: [ route_check ] --END-- [ RunTime:0.009001s ]
INFO: [ app_begin ] --START--
INFO: ReadHtmlCache Behavior ::run [ RunTime:0.001000s ]
INFO: [ app_begin ] --END-- [ RunTime:0.001000s ]
INFO: [ view_parse ] --START--
INFO: ParseTemplate Behavior ::run [ RunTime:0.013001s ]
INFO: [ view_parse ] --END-- [ RunTime:0.013001s ]
INFO: [ view_filter ] --START--
INFO: ContentReplace Behavior ::run [ RunTime:0.001000s ]
INFO: TokenBuild Behavior ::run [ RunTime:0.000000s ]
INFO: WriteHtmlCache Behavior ::run [ RunTime:0.000000s ]
INFO: ShowRuntime Behavior ::run [ RunTime:0.001000s ]
INFO: [ view_filter ] --END-- [ RunTime:0.002000s ]
INFO: [ view_end ] --START--
INFO: ShowPageTrace Behavior ::run [ RunTime:0.002000s ]
INFO: [ view_end ] --END-- [ RunTime:0.002000s ]

[ 2014-11-12T14:13:59+08:00 ] 127.0.0.1 /mss/admin.php/Model/setModel
INFO: [ route_check ] --START--
INFO: CheckRoute Behavior ::run [ RunTime:0.002000s ]
INFO: [ route_check ] --END-- [ RunTime:0.002000s ]
INFO: [ app_begin ] --START--
INFO: ReadHtmlCache Behavior ::run [ RunTime:0.001000s ]
INFO: [ app_begin ] --END-- [ RunTime:0.001000s ]
NOTIC: [2] mkdir(): File exists F:\www\mss\Admin\Lib\Action\ModelAction.class.php 第 81 行.
INFO: [ view_parse ] --START--
INFO: ParseTemplate Behavior ::run [ RunTime:0.008001s ]
INFO: [ view_parse ] --END-- [ RunTime:0.008001s ]
INFO: [ view_filter ] --START--
INFO: ContentReplace Behavior ::run [ RunTime:0.000000s ]
INFO: TokenBuild Behavior ::run [ RunTime:0.001000s ]
INFO: WriteHtmlCache Behavior ::run [ RunTime:0.000000s ]
INFO: ShowRuntime Behavior ::run [ RunTime:0.001000s ]
INFO: [ view_filter ] --END-- [ RunTime:0.002000s ]
INFO: [ view_end ] --START--
INFO: ShowPageTrace Behavior ::run [ RunTime:0.001000s ]
INFO: [ view_end ] --END-- [ RunTime:0.001000s ]

[ 2014-11-12T14:14:00+08:00 ] 127.0.0.1 /mss/admin.php/Model/set
INFO: [ route_check ] --START--
INFO: CheckRoute Behavior ::run [ RunTime:0.001000s ]
INFO: [ route_check ] --END-- [ RunTime:0.001000s ]
INFO: [ app_begin ] --START--
INFO: ReadHtmlCache Behavior ::run [ RunTime:0.000000s ]
INFO: [ app_begin ] --END-- [ RunTime:0.000000s ]
INFO: [ view_parse ] --START--
INFO: ParseTemplate Behavior ::run [ RunTime:0.012001s ]
INFO: [ view_parse ] --END-- [ RunTime:0.012001s ]
INFO: [ view_filter ] --START--
INFO: ContentReplace Behavior ::run [ RunTime:0.000000s ]
INFO: TokenBuild Behavior ::run [ RunTime:0.001000s ]
INFO: WriteHtmlCache Behavior ::run [ RunTime:0.000000s ]
INFO: ShowRuntime Behavior ::run [ RunTime:0.000000s ]
INFO: [ view_filter ] --END-- [ RunTime:0.001000s ]
INFO: [ view_end ] --START--
INFO: ShowPageTrace Behavior ::run [ RunTime:0.000000s ]
INFO: [ view_end ] --END-- [ RunTime:0.001000s ]

[ 2014-11-12T14:14:10+08:00 ] 127.0.0.1 /mss/admin.php/Model/set
INFO: [ route_check ] --START--
INFO: CheckRoute Behavior ::run [ RunTime:0.001000s ]
INFO: [ route_check ] --END-- [ RunTime:0.001000s ]
INFO: [ app_begin ] --START--
INFO: ReadHtmlCache Behavior ::run [ RunTime:0.001000s ]
INFO: [ app_begin ] --END-- [ RunTime:0.001000s ]
INFO: [ view_parse ] --START--
INFO: ParseTemplate Behavior ::run [ RunTime:0.062003s ]
INFO: [ view_parse ] --END-- [ RunTime:0.062003s ]
INFO: [ view_filter ] --START--
INFO: ContentReplace Behavior ::run [ RunTime:0.001000s ]
INFO: TokenBuild Behavior ::run [ RunTime:0.000000s ]
INFO: WriteHtmlCache Behavior ::run [ RunTime:0.001000s ]
INFO: ShowRuntime Behavior ::run [ RunTime:0.000000s ]
INFO: [ view_filter ] --END-- [ RunTime:0.002000s ]
INFO: [ view_end ] --START--
INFO: ShowPageTrace Behavior ::run [ RunTime:0.000000s ]
INFO: [ view_end ] --END-- [ RunTime:0.000000s ]

[ 2014-11-12T14:14:12+08:00 ] 127.0.0.1 /mss/admin.php/Config/listsConfig
INFO: [ route_check ] --START--
INFO: CheckRoute Behavior ::run [ RunTime:0.000000s ]
INFO: [ route_check ] --END-- [ RunTime:0.001000s ]
INFO: [ app_begin ] --START--
INFO: ReadHtmlCache Behavior ::run [ RunTime:0.000000s ]
INFO: [ app_begin ] --END-- [ RunTime:0.000000s ]
SQL: SHOW COLUMNS FROM `mss_admin_log` [ RunTime:0.007001s ]
SQL: INSERT INTO `mss_admin_log` (`userid`,`time`,`loginfo`,`userip`) VALUES (1,1415772852,'管理员admin查看了网站配置','127.0.0.1') [ RunTime:0.000000s ]
SQL: SHOW COLUMNS FROM `mss_webconfig` [ RunTime:0.005000s ]
SQL: SELECT * FROM `mss_webconfig`  [ RunTime:0.000000s ]
INFO: [ view_parse ] --START--
INFO: ParseTemplate Behavior ::run [ RunTime:0.023001s ]
INFO: [ view_parse ] --END-- [ RunTime:0.023001s ]
INFO: [ view_filter ] --START--
INFO: ContentReplace Behavior ::run [ RunTime:0.000000s ]
INFO: TokenBuild Behavior ::run [ RunTime:0.001000s ]
INFO: WriteHtmlCache Behavior ::run [ RunTime:0.000000s ]
INFO: ShowRuntime Behavior ::run [ RunTime:0.001000s ]
INFO: [ view_filter ] --END-- [ RunTime:0.002000s ]
INFO: [ view_end ] --START--
INFO: ShowPageTrace Behavior ::run [ RunTime:0.001000s ]
INFO: [ view_end ] --END-- [ RunTime:0.001000s ]

[ 2014-11-12T14:14:27+08:00 ] 127.0.0.1 /mss/admin.php/Order/lists
INFO: [ route_check ] --START--
INFO: CheckRoute Behavior ::run [ RunTime:0.001000s ]
INFO: [ route_check ] --END-- [ RunTime:0.001000s ]
INFO: [ app_begin ] --START--
INFO: ReadHtmlCache Behavior ::run [ RunTime:0.001000s ]
INFO: [ app_begin ] --END-- [ RunTime:0.001000s ]
SQL: SHOW COLUMNS FROM `mss_order` [ RunTime:0.006000s ]
SQL: SHOW COLUMNS FROM `mss_address` [ RunTime:0.006001s ]
SQL: SELECT * FROM `mss_order` ORDER BY addtime desc  [ RunTime:0.001000s ]
SQL: SHOW COLUMNS FROM `mss_dilivery` [ RunTime:0.004000s ]
SQL: SHOW COLUMNS FROM `mss_order_detail` [ RunTime:0.005000s ]
SQL: SELECT * FROM `mss_address` WHERE ( id=0 ) LIMIT 1   [ RunTime:0.001000s ]
SQL: SELECT * FROM `mss_dilivery` WHERE ( id=2 ) LIMIT 1   [ RunTime:0.000000s ]
SQL: SELECT SUM(subtotal) AS tp_sum FROM `mss_order_detail` WHERE ( orderid=32 ) LIMIT 1   [ RunTime:0.000000s ]
SQL: SELECT * FROM `mss_address` WHERE ( id=11 ) LIMIT 1   [ RunTime:0.001000s ]
SQL: SELECT * FROM `mss_dilivery` WHERE ( id=2 ) LIMIT 1   [ RunTime:0.000000s ]
SQL: SELECT SUM(subtotal) AS tp_sum FROM `mss_order_detail` WHERE ( orderid=31 ) LIMIT 1   [ RunTime:0.001000s ]
SQL: SELECT * FROM `mss_address` WHERE ( id=11 ) LIMIT 1   [ RunTime:0.000000s ]
SQL: SELECT * FROM `mss_dilivery` WHERE ( id=2 ) LIMIT 1   [ RunTime:0.001000s ]
SQL: SELECT SUM(subtotal) AS tp_sum FROM `mss_order_detail` WHERE ( orderid=30 ) LIMIT 1   [ RunTime:0.000000s ]
SQL: SELECT * FROM `mss_address` WHERE ( id=11 ) LIMIT 1   [ RunTime:0.000000s ]
SQL: SELECT * FROM `mss_dilivery` WHERE ( id=2 ) LIMIT 1   [ RunTime:0.001000s ]
SQL: SELECT SUM(subtotal) AS tp_sum FROM `mss_order_detail` WHERE ( orderid=29 ) LIMIT 1   [ RunTime:0.000000s ]
SQL: SELECT * FROM `mss_address` WHERE ( id=0 ) LIMIT 1   [ RunTime:0.000000s ]
SQL: SELECT * FROM `mss_dilivery` WHERE ( id=2 ) LIMIT 1   [ RunTime:0.001000s ]
SQL: SELECT SUM(subtotal) AS tp_sum FROM `mss_order_detail` WHERE ( orderid=28 ) LIMIT 1   [ RunTime:0.000000s ]
SQL: SELECT * FROM `mss_address` WHERE ( id=0 ) LIMIT 1   [ RunTime:0.000000s ]
SQL: SELECT * FROM `mss_dilivery` WHERE ( id=2 ) LIMIT 1   [ RunTime:0.001001s ]
SQL: SELECT SUM(subtotal) AS tp_sum FROM `mss_order_detail` WHERE ( orderid=27 ) LIMIT 1   [ RunTime:0.000000s ]
SQL: SELECT * FROM `mss_address` WHERE ( id=2 ) LIMIT 1   [ RunTime:0.000000s ]
SQL: SELECT * FROM `mss_dilivery` WHERE ( id=2 ) LIMIT 1   [ RunTime:0.001000s ]
SQL: SELECT SUM(subtotal) AS tp_sum FROM `mss_order_detail` WHERE ( orderid=26 ) LIMIT 1   [ RunTime:0.000000s ]
SQL: SELECT * FROM `mss_address` WHERE ( id=1 ) LIMIT 1   [ RunTime:0.000000s ]
SQL: SELECT * FROM `mss_dilivery` WHERE ( id=2 ) LIMIT 1   [ RunTime:0.000000s ]
SQL: SELECT SUM(subtotal) AS tp_sum FROM `mss_order_detail` WHERE ( orderid=25 ) LIMIT 1   [ RunTime:0.000000s ]
SQL: SELECT * FROM `mss_address` WHERE ( id=1 ) LIMIT 1   [ RunTime:0.000000s ]
SQL: SELECT * FROM `mss_dilivery` WHERE ( id=3 ) LIMIT 1   [ RunTime:0.000000s ]
SQL: SELECT SUM(subtotal) AS tp_sum FROM `mss_order_detail` WHERE ( orderid=24 ) LIMIT 1   [ RunTime:0.000000s ]
SQL: SELECT * FROM `mss_address` WHERE ( id=2 ) LIMIT 1   [ RunTime:0.000000s ]
SQL: SELECT * FROM `mss_dilivery` WHERE ( id=3 ) LIMIT 1   [ RunTime:0.000000s ]
SQL: SELECT SUM(subtotal) AS tp_sum FROM `mss_order_detail` WHERE ( orderid=23 ) LIMIT 1   [ RunTime:0.000000s ]
INFO: [ view_parse ] --START--
INFO: ParseTemplate Behavior ::run [ RunTime:0.018001s ]
INFO: [ view_parse ] --END-- [ RunTime:0.019001s ]
INFO: [ view_filter ] --START--
INFO: ContentReplace Behavior ::run [ RunTime:0.001000s ]
INFO: TokenBuild Behavior ::run [ RunTime:0.001000s ]
INFO: WriteHtmlCache Behavior ::run [ RunTime:0.000000s ]
INFO: ShowRuntime Behavior ::run [ RunTime:0.001000s ]
INFO: [ view_filter ] --END-- [ RunTime:0.003000s ]
INFO: [ view_end ] --START--
INFO: ShowPageTrace Behavior ::run [ RunTime:0.001000s ]
INFO: [ view_end ] --END-- [ RunTime:0.001000s ]

[ 2014-11-12T14:14:39+08:00 ] 127.0.0.1 /mss/admin.php/Config/listsConfig
INFO: [ route_check ] --START--
INFO: CheckRoute Behavior ::run [ RunTime:0.001000s ]
INFO: [ route_check ] --END-- [ RunTime:0.001000s ]
INFO: [ app_begin ] --START--
INFO: ReadHtmlCache Behavior ::run [ RunTime:0.000000s ]
INFO: [ app_begin ] --END-- [ RunTime:0.000000s ]
SQL: SHOW COLUMNS FROM `mss_admin_log` [ RunTime:0.006000s ]
SQL: INSERT INTO `mss_admin_log` (`userid`,`time`,`loginfo`,`userip`) VALUES (1,1415772879,'管理员admin查看了网站配置','127.0.0.1') [ RunTime:0.000000s ]
SQL: SHOW COLUMNS FROM `mss_webconfig` [ RunTime:0.005001s ]
SQL: SELECT * FROM `mss_webconfig`  [ RunTime:0.000000s ]
INFO: [ view_parse ] --START--
INFO: ParseTemplate Behavior ::run [ RunTime:0.017001s ]
INFO: [ view_parse ] --END-- [ RunTime:0.017001s ]
INFO: [ view_filter ] --START--
INFO: ContentReplace Behavior ::run [ RunTime:0.000000s ]
INFO: TokenBuild Behavior ::run [ RunTime:0.001000s ]
INFO: WriteHtmlCache Behavior ::run [ RunTime:0.000000s ]
INFO: ShowRuntime Behavior ::run [ RunTime:0.016001s ]
INFO: [ view_filter ] --END-- [ RunTime:0.017001s ]
INFO: [ view_end ] --START--
INFO: ShowPageTrace Behavior ::run [ RunTime:0.001000s ]
INFO: [ view_end ] --END-- [ RunTime:0.001000s ]

[ 2014-11-12T14:15:03+08:00 ] 127.0.0.1 /mss/admin.php/Goods/lists
INFO: [ route_check ] --START--
INFO: CheckRoute Behavior ::run [ RunTime:0.001000s ]
INFO: [ route_check ] --END-- [ RunTime:0.001000s ]
INFO: [ app_begin ] --START--
INFO: ReadHtmlCache Behavior ::run [ RunTime:0.001000s ]
INFO: [ app_begin ] --END-- [ RunTime:0.001000s ]
SQL: SHOW COLUMNS FROM `mss_admin_log` [ RunTime:0.005000s ]
SQL: INSERT INTO `mss_admin_log` (`userid`,`time`,`loginfo`,`userip`) VALUES (1,1415772903,'管理员admin查看了商品列表','127.0.0.1') [ RunTime:0.001000s ]
SQL: SHOW COLUMNS FROM `mss_goods` [ RunTime:0.005000s ]
SQL: SELECT COUNT(*) AS tp_count FROM `mss_goods` LIMIT 1   [ RunTime:0.000000s ]
SQL: SELECT * FROM `mss_goods` WHERE ( huishou!=1 ) ORDER BY selltime desc, id  [ RunTime:0.045003s ]
INFO: [ view_parse ] --START--
INFO: ParseTemplate Behavior ::run [ RunTime:0.018001s ]
INFO: [ view_parse ] --END-- [ RunTime:0.018001s ]
INFO: [ view_filter ] --START--
INFO: ContentReplace Behavior ::run [ RunTime:0.002001s ]
INFO: TokenBuild Behavior ::run [ RunTime:0.000000s ]
INFO: WriteHtmlCache Behavior ::run [ RunTime:0.001000s ]
INFO: ShowRuntime Behavior ::run [ RunTime:0.000000s ]
INFO: [ view_filter ] --END-- [ RunTime:0.003001s ]
INFO: [ view_end ] --START--
INFO: ShowPageTrace Behavior ::run [ RunTime:0.001000s ]
INFO: [ view_end ] --END-- [ RunTime:0.001000s ]

[ 2014-11-12T14:15:06+08:00 ] 127.0.0.1 /mss/admin.php/Goodstype/lists
INFO: [ route_check ] --START--
INFO: CheckRoute Behavior ::run [ RunTime:0.000000s ]
INFO: [ route_check ] --END-- [ RunTime:0.001000s ]
INFO: [ app_begin ] --START--
INFO: ReadHtmlCache Behavior ::run [ RunTime:0.000000s ]
INFO: [ app_begin ] --END-- [ RunTime:0.000000s ]
SQL: SHOW COLUMNS FROM `mss_admin_log` [ RunTime:0.007000s ]
SQL: INSERT INTO `mss_admin_log` (`userid`,`time`,`loginfo`,`userip`) VALUES (1,1415772906,'管理员admin查看了商品规格列表','127.0.0.1') [ RunTime:0.001000s ]
SQL: SHOW COLUMNS FROM `mss_goods_type` [ RunTime:0.006000s ]
SQL: SHOW COLUMNS FROM `mss_goods_category` [ RunTime:0.007001s ]
SQL: SELECT * FROM `mss_goods_type`  [ RunTime:0.000000s ]
SQL: SELECT * FROM `mss_goods_category` WHERE ( `id` = 5 ) LIMIT 1   [ RunTime:0.000000s ]
SQL: SELECT * FROM `mss_goods_category` WHERE ( `id` = 5 ) LIMIT 1   [ RunTime:0.000000s ]
NOTIC: [8] Undefined variable: show F:\www\mss\Admin\Lib\Action\GoodstypeAction.class.php 第 39 行.
INFO: [ view_parse ] --START--
NOTIC: [2] file_get_contents(./Admin/Tpl/Index/sider.html): failed to open stream: No such file or directory F:\www\mss\ThinkPHP\Lib\Template\ThinkTemplate.class.php 第 695 行.
INFO: ParseTemplate Behavior ::run [ RunTime:0.048003s ]
INFO: [ view_parse ] --END-- [ RunTime:0.048003s ]
INFO: [ view_filter ] --START--
INFO: ContentReplace Behavior ::run [ RunTime:0.000000s ]
INFO: TokenBuild Behavior ::run [ RunTime:0.001000s ]
INFO: WriteHtmlCache Behavior ::run [ RunTime:0.000000s ]
INFO: ShowRuntime Behavior ::run [ RunTime:0.001000s ]
INFO: [ view_filter ] --END-- [ RunTime:0.002000s ]
INFO: [ view_end ] --START--
INFO: ShowPageTrace Behavior ::run [ RunTime:0.001000s ]
INFO: [ view_end ] --END-- [ RunTime:0.001000s ]

[ 2014-11-12T14:15:13+08:00 ] 127.0.0.1 /mss/admin.php/Goods/add
INFO: [ route_check ] --START--
INFO: CheckRoute Behavior ::run [ RunTime:0.001000s ]
INFO: [ route_check ] --END-- [ RunTime:0.001000s ]
INFO: [ app_begin ] --START--
INFO: ReadHtmlCache Behavior ::run [ RunTime:0.001000s ]
INFO: [ app_begin ] --END-- [ RunTime:0.001000s ]
SQL: SHOW COLUMNS FROM `mss_goods_category` [ RunTime:0.007001s ]
SQL: SELECT * FROM `mss_goods_category` ORDER BY concat(path,',',id)  [ RunTime:0.075004s ]
SQL: SHOW COLUMNS FROM `mss_goods_type` [ RunTime:0.006000s ]
SQL: SHOW COLUMNS FROM `mss_goods_vtype` [ RunTime:0.005001s ]
SQL: SELECT * FROM `mss_goods_type`  [ RunTime:0.000000s ]
SQL: SELECT * FROM `mss_goods_vtype` WHERE ( typeid=19 )  [ RunTime:0.000000s ]
SQL: SELECT * FROM `mss_goods_vtype` WHERE ( typeid=18 )  [ RunTime:0.000000s ]
INFO: [ view_parse ] --START--
NOTIC: [8] Undefined index: classid F:\www\mss\Admin\Runtime\Cache\eab79c9169d913586942b43aa2eb1583.php 第 234 行.
NOTIC: [8] Undefined index: classid F:\www\mss\Admin\Runtime\Cache\eab79c9169d913586942b43aa2eb1583.php 第 234 行.
NOTIC: [8] Undefined index: classid F:\www\mss\Admin\Runtime\Cache\eab79c9169d913586942b43aa2eb1583.php 第 234 行.
NOTIC: [8] Undefined index: classid F:\www\mss\Admin\Runtime\Cache\eab79c9169d913586942b43aa2eb1583.php 第 234 行.
NOTIC: [8] Undefined index: classid F:\www\mss\Admin\Runtime\Cache\eab79c9169d913586942b43aa2eb1583.php 第 234 行.
NOTIC: [8] Undefined index: classid F:\www\mss\Admin\Runtime\Cache\eab79c9169d913586942b43aa2eb1583.php 第 234 行.
NOTIC: [8] Undefined index: classid F:\www\mss\Admin\Runtime\Cache\eab79c9169d913586942b43aa2eb1583.php 第 234 行.
NOTIC: [8] Undefined index: classid F:\www\mss\Admin\Runtime\Cache\eab79c9169d913586942b43aa2eb1583.php 第 234 行.
NOTIC: [8] Undefined index: classid F:\www\mss\Admin\Runtime\Cache\eab79c9169d913586942b43aa2eb1583.php 第 234 行.
NOTIC: [8] Undefined index: classid F:\www\mss\Admin\Runtime\Cache\eab79c9169d913586942b43aa2eb1583.php 第 234 行.
NOTIC: [8] Undefined index: classid F:\www\mss\Admin\Runtime\Cache\eab79c9169d913586942b43aa2eb1583.php 第 234 行.
INFO: ParseTemplate Behavior ::run [ RunTime:0.064004s ]
INFO: [ view_parse ] --END-- [ RunTime:0.064004s ]
INFO: [ view_filter ] --START--
INFO: ContentReplace Behavior ::run [ RunTime:0.001000s ]
INFO: TokenBuild Behavior ::run [ RunTime:0.000000s ]
INFO: WriteHtmlCache Behavior ::run [ RunTime:0.000000s ]
INFO: ShowRuntime Behavior ::run [ RunTime:0.001000s ]
INFO: [ view_filter ] --END-- [ RunTime:0.002000s ]
INFO: [ view_end ] --START--
INFO: ShowPageTrace Behavior ::run [ RunTime:0.001000s ]
INFO: [ view_end ] --END-- [ RunTime:0.001000s ]

[ 2014-11-12T14:15:47+08:00 ] 127.0.0.1 /mss/admin.php/Goods/lists
INFO: [ route_check ] --START--
INFO: CheckRoute Behavior ::run [ RunTime:0.001000s ]
INFO: [ route_check ] --END-- [ RunTime:0.001000s ]
INFO: [ app_begin ] --START--
INFO: ReadHtmlCache Behavior ::run [ RunTime:0.001001s ]
INFO: [ app_begin ] --END-- [ RunTime:0.001001s ]
SQL: SHOW COLUMNS FROM `mss_admin_log` [ RunTime:0.016001s ]
SQL: INSERT INTO `mss_admin_log` (`userid`,`time`,`loginfo`,`userip`) VALUES (1,1415772947,'管理员admin查看了商品列表','127.0.0.1') [ RunTime:0.000000s ]
SQL: SHOW COLUMNS FROM `mss_goods` [ RunTime:0.006001s ]
SQL: SELECT COUNT(*) AS tp_count FROM `mss_goods` LIMIT 1   [ RunTime:0.001000s ]
SQL: SELECT * FROM `mss_goods` WHERE ( huishou!=1 ) ORDER BY selltime desc, id  [ RunTime:0.002000s ]
INFO: [ view_parse ] --START--
INFO: ParseTemplate Behavior ::run [ RunTime:0.016001s ]
INFO: [ view_parse ] --END-- [ RunTime:0.016001s ]
INFO: [ view_filter ] --START--
INFO: ContentReplace Behavior ::run [ RunTime:0.001000s ]
INFO: TokenBuild Behavior ::run [ RunTime:0.001000s ]
INFO: WriteHtmlCache Behavior ::run [ RunTime:0.000000s ]
INFO: ShowRuntime Behavior ::run [ RunTime:0.001000s ]
INFO: [ view_filter ] --END-- [ RunTime:0.003000s ]
INFO: [ view_end ] --START--
INFO: ShowPageTrace Behavior ::run [ RunTime:0.000000s ]
INFO: [ view_end ] --END-- [ RunTime:0.000000s ]

[ 2014-11-12T14:15:58+08:00 ] 127.0.0.1 /mss/admin.php/Auser/lists
INFO: [ route_check ] --START--
INFO: CheckRoute Behavior ::run [ RunTime:0.002000s ]
INFO: [ route_check ] --END-- [ RunTime:0.002000s ]
INFO: [ app_begin ] --START--
INFO: ReadHtmlCache Behavior ::run [ RunTime:0.001000s ]
INFO: [ app_begin ] --END-- [ RunTime:0.001000s ]
SQL: SHOW COLUMNS FROM `mss_admin_log` [ RunTime:0.005000s ]
SQL: INSERT INTO `mss_admin_log` (`userid`,`time`,`loginfo`,`userip`) VALUES (1,1415772958,'管理员admin查看了管理员列表','127.0.0.1') [ RunTime:0.000000s ]
SQL: SHOW COLUMNS FROM `mss_user_admin` [ RunTime:0.006001s ]
SQL: SELECT * FROM `mss_user_admin`  [ RunTime:0.000000s ]
INFO: [ view_parse ] --START--
INFO: ParseTemplate Behavior ::run [ RunTime:0.016001s ]
INFO: [ view_parse ] --END-- [ RunTime:0.017001s ]
INFO: [ view_filter ] --START--
INFO: ContentReplace Behavior ::run [ RunTime:0.001000s ]
INFO: TokenBuild Behavior ::run [ RunTime:0.000000s ]
INFO: WriteHtmlCache Behavior ::run [ RunTime:0.001000s ]
INFO: ShowRuntime Behavior ::run [ RunTime:0.000000s ]
INFO: [ view_filter ] --END-- [ RunTime:0.003000s ]
INFO: [ view_end ] --START--
INFO: ShowPageTrace Behavior ::run [ RunTime:0.001000s ]
INFO: [ view_end ] --END-- [ RunTime:0.001000s ]

[ 2014-11-12T14:16:01+08:00 ] 127.0.0.1 /mss/admin.php/User/lists
INFO: [ route_check ] --START--
INFO: CheckRoute Behavior ::run [ RunTime:0.001000s ]
INFO: [ route_check ] --END-- [ RunTime:0.001000s ]
INFO: [ app_begin ] --START--
INFO: ReadHtmlCache Behavior ::run [ RunTime:0.000000s ]
INFO: [ app_begin ] --END-- [ RunTime:0.000000s ]
SQL: SHOW COLUMNS FROM `mss_admin_log` [ RunTime:0.005000s ]
SQL: INSERT INTO `mss_admin_log` (`userid`,`time`,`loginfo`,`userip`) VALUES (1,1415772961,'管理员admin查看了用户列表','127.0.0.1') [ RunTime:0.001000s ]
SQL: SHOW COLUMNS FROM `mss_user` [ RunTime:0.006000s ]
SQL: SHOW COLUMNS FROM `mss_userinfo` [ RunTime:0.005000s ]
SQL: SELECT * FROM `mss_userinfo`  [ RunTime:0.000000s ]
SQL: SELECT * FROM `mss_user`  [ RunTime:0.000000s ]
INFO: [ view_parse ] --START--
INFO: ParseTemplate Behavior ::run [ RunTime:0.015001s ]
INFO: [ view_parse ] --END-- [ RunTime:0.015001s ]
INFO: [ view_filter ] --START--
INFO: ContentReplace Behavior ::run [ RunTime:0.002000s ]
INFO: TokenBuild Behavior ::run [ RunTime:0.001000s ]
INFO: WriteHtmlCache Behavior ::run [ RunTime:0.000000s ]
INFO: ShowRuntime Behavior ::run [ RunTime:0.001001s ]
INFO: [ view_filter ] --END-- [ RunTime:0.004001s ]
INFO: [ view_end ] --START--
INFO: ShowPageTrace Behavior ::run [ RunTime:0.001000s ]
INFO: [ view_end ] --END-- [ RunTime:0.001000s ]

[ 2014-11-12T14:16:10+08:00 ] 127.0.0.1 /mss/admin.php
INFO: [ app_begin ] --START--
INFO: ReadHtmlCache Behavior ::run [ RunTime:0.002000s ]
INFO: [ app_begin ] --END-- [ RunTime:0.002000s ]
SQL: SHOW COLUMNS FROM `mss_user` [ RunTime:0.007001s ]
SQL: SELECT COUNT(*) AS tp_count FROM `mss_user` WHERE ( ustatus=1 ) LIMIT 1   [ RunTime:0.000000s ]
SQL: SELECT COUNT(*) AS tp_count FROM `mss_user` WHERE (  (`regtime` BETWEEN 1415548800 AND 1415462400 ) ) LIMIT 1   [ RunTime:0.001000s ]
SQL: SHOW COLUMNS FROM `mss_order` [ RunTime:0.007000s ]
SQL: SELECT COUNT(*) AS tp_count FROM `mss_order` LIMIT 1   [ RunTime:0.000000s ]
SQL: SELECT COUNT(*) AS tp_count FROM `mss_order` WHERE ( paystatus=3 ) LIMIT 1   [ RunTime:0.000000s ]
SQL: SELECT COUNT(*) AS tp_count FROM `mss_order` WHERE ( `paystatus` NOT IN ('3') ) LIMIT 1   [ RunTime:0.000000s ]
SQL: SHOW COLUMNS FROM `mss_goods` [ RunTime:0.008001s ]
SQL: SELECT COUNT(*) AS tp_count FROM `mss_goods` LIMIT 1   [ RunTime:0.001000s ]
SQL: SHOW COLUMNS FROM `mss_admin_log` [ RunTime:0.007000s ]
SQL: SELECT * FROM `mss_admin_log` ORDER BY time desc LIMIT 0,5   [ RunTime:0.025002s ]
INFO: [ view_parse ] --START--
INFO: ParseTemplate Behavior ::run [ RunTime:0.012001s ]
INFO: [ view_parse ] --END-- [ RunTime:0.012001s ]
INFO: [ view_filter ] --START--
INFO: ContentReplace Behavior ::run [ RunTime:0.001000s ]
INFO: TokenBuild Behavior ::run [ RunTime:0.000000s ]
INFO: WriteHtmlCache Behavior ::run [ RunTime:0.000000s ]
INFO: ShowRuntime Behavior ::run [ RunTime:0.001000s ]
INFO: [ view_filter ] --END-- [ RunTime:0.003000s ]
INFO: [ view_end ] --START--
INFO: ShowPageTrace Behavior ::run [ RunTime:0.001000s ]
INFO: [ view_end ] --END-- [ RunTime:0.001000s ]

[ 2014-11-12T14:16:51+08:00 ] 127.0.0.1 /mss/admin.php
INFO: [ app_begin ] --START--
INFO: ReadHtmlCache Behavior ::run [ RunTime:0.001000s ]
INFO: [ app_begin ] --END-- [ RunTime:0.001000s ]
SQL: SHOW COLUMNS FROM `mss_user` [ RunTime:0.008001s ]
SQL: SELECT COUNT(*) AS tp_count FROM `mss_user` WHERE ( ustatus=1 ) LIMIT 1   [ RunTime:0.001000s ]
SQL: SELECT COUNT(*) AS tp_count FROM `mss_user` WHERE (  (`regtime` BETWEEN 1415548800 AND 1415462400 ) ) LIMIT 1   [ RunTime:0.000000s ]
SQL: SHOW COLUMNS FROM `mss_order` [ RunTime:0.006000s ]
SQL: SELECT COUNT(*) AS tp_count FROM `mss_order` LIMIT 1   [ RunTime:0.000000s ]
SQL: SELECT COUNT(*) AS tp_count FROM `mss_order` WHERE ( paystatus=3 ) LIMIT 1   [ RunTime:0.000000s ]
SQL: SELECT COUNT(*) AS tp_count FROM `mss_order` WHERE ( `paystatus` NOT IN ('3') ) LIMIT 1   [ RunTime:0.000000s ]
SQL: SHOW COLUMNS FROM `mss_goods` [ RunTime:0.006001s ]
SQL: SELECT COUNT(*) AS tp_count FROM `mss_goods` LIMIT 1   [ RunTime:0.000000s ]
SQL: SHOW COLUMNS FROM `mss_admin_log` [ RunTime:0.006000s ]
SQL: SELECT * FROM `mss_admin_log` ORDER BY time desc LIMIT 0,5   [ RunTime:0.004000s ]
INFO: [ view_parse ] --START--
INFO: ParseTemplate Behavior ::run [ RunTime:0.014001s ]
INFO: [ view_parse ] --END-- [ RunTime:0.014001s ]
INFO: [ view_filter ] --START--
INFO: ContentReplace Behavior ::run [ RunTime:0.000000s ]
INFO: TokenBuild Behavior ::run [ RunTime:0.001000s ]
INFO: WriteHtmlCache Behavior ::run [ RunTime:0.001000s ]
INFO: ShowRuntime Behavior ::run [ RunTime:0.000000s ]
INFO: [ view_filter ] --END-- [ RunTime:0.004000s ]
INFO: [ view_end ] --START--
INFO: ShowPageTrace Behavior ::run [ RunTime:0.001000s ]
INFO: [ view_end ] --END-- [ RunTime:0.001000s ]

[ 2014-11-12T14:17:28+08:00 ] 127.0.0.1 /mss/admin.php/Friend/lists
INFO: [ route_check ] --START--
INFO: CheckRoute Behavior ::run [ RunTime:0.003000s ]
INFO: [ route_check ] --END-- [ RunTime:0.003000s ]
INFO: [ app_begin ] --START--
INFO: ReadHtmlCache Behavior ::run [ RunTime:0.001000s ]
INFO: [ app_begin ] --END-- [ RunTime:0.001000s ]
SQL: SHOW COLUMNS FROM `mss_admin_log` [ RunTime:0.006001s ]
SQL: INSERT INTO `mss_admin_log` (`userid`,`time`,`loginfo`,`userip`) VALUES (1,1415773047,'管理员admin查看了友情链接列表','127.0.0.1') [ RunTime:0.000000s ]
SQL: SHOW COLUMNS FROM `mss_links` [ RunTime:0.005000s ]
SQL: SELECT * FROM `mss_links`  [ RunTime:0.000000s ]
INFO: [ view_parse ] --START--
INFO: ParseTemplate Behavior ::run [ RunTime:0.043003s ]
INFO: [ view_parse ] --END-- [ RunTime:0.043003s ]
INFO: [ view_filter ] --START--
INFO: ContentReplace Behavior ::run [ RunTime:0.001000s ]
INFO: TokenBuild Behavior ::run [ RunTime:0.001000s ]
INFO: WriteHtmlCache Behavior ::run [ RunTime:0.000000s ]
INFO: ShowRuntime Behavior ::run [ RunTime:0.001000s ]
INFO: [ view_filter ] --END-- [ RunTime:0.003000s ]
INFO: [ view_end ] --START--
INFO: ShowPageTrace Behavior ::run [ RunTime:0.001000s ]
INFO: [ view_end ] --END-- [ RunTime:0.001000s ]

