[ 2014-11-12T14:14:03+08:00 ] 127.0.0.1 /mss/index.php
INFO: [ app_begin ] --START--
INFO: ReadHtmlCache Behavior ::run [ RunTime:0.001000s ]
INFO: [ app_begin ] --END-- [ RunTime:0.001000s ]
SQL: SHOW COLUMNS FROM `mss_goods_category` [ RunTime:0.005001s ]
SQL: SELECT * FROM `mss_goods_category` WHERE ( sid=0 )  [ RunTime:0.000000s ]
SQL: SELECT * FROM `mss_goods_category`  [ RunTime:0.001000s ]
SQL: SHOW COLUMNS FROM `mss_carts` [ RunTime:0.005000s ]
SQL: SELECT * FROM `mss_carts` WHERE ( uid=1 )  [ RunTime:0.000000s ]
NOTIC: [2] Invalid argument supplied for foreach() F:\www\mss\Index\Lib\Action\IndexAction.class.php 第 48 行.
SQL: SHOW COLUMNS FROM `mss_goods` [ RunTime:0.006000s ]
SQL: SELECT * FROM `mss_goods` WHERE ( `id` IN () )  [ RunTime:0.000000s ]
ERR: 1064:You have an error in your SQL syntax; check the manual that corresponds to your MySQL server version for the right syntax to use near ') )' at line 1
 [ SQL语句 ] : SELECT * FROM `mss_goods` WHERE ( `id` IN () ) 
NOTIC: [2] Invalid argument supplied for foreach() F:\www\mss\Index\Lib\Action\IndexAction.class.php 第 58 行.
SQL: SELECT * FROM `mss_goods` WHERE ( tuijian=1 AND issell=1 )  [ RunTime:0.001000s ]
SQL: SELECT * FROM `mss_goods` WHERE ( zuixin=1 AND issell=1 )  [ RunTime:0.001000s ]
SQL: SHOW COLUMNS FROM `mss_webconfig` [ RunTime:0.005001s ]
SQL: SELECT * FROM `mss_webconfig`  [ RunTime:0.001000s ]
SQL: SHOW COLUMNS FROM `mss_links` [ RunTime:0.006000s ]
SQL: SELECT * FROM `mss_webconfig`  [ RunTime:0.001000s ]
SQL: SELECT * FROM `mss_links`  [ RunTime:0.000000s ]
NOTIC: [8] Undefined index: item F:\www\mss\Index\Lib\Action\BaseAction.class.php 第 38 行.
NOTIC: [8] Undefined index: content F:\www\mss\Index\Lib\Action\BaseAction.class.php 第 38 行.
INFO: [ view_parse ] --START--
INFO: ParseTemplate Behavior ::run [ RunTime:0.018001s ]
INFO: [ view_parse ] --END-- [ RunTime:0.018001s ]
INFO: [ view_filter ] --START--
INFO: ContentReplace Behavior ::run [ RunTime:0.000000s ]
INFO: TokenBuild Behavior ::run [ RunTime:0.000000s ]
INFO: WriteHtmlCache Behavior ::run [ RunTime:0.000000s ]
INFO: ShowRuntime Behavior ::run [ RunTime:0.001000s ]
INFO: [ view_filter ] --END-- [ RunTime:0.002000s ]
INFO: [ view_end ] --START--
INFO: ShowPageTrace Behavior ::run [ RunTime:0.001000s ]
INFO: [ view_end ] --END-- [ RunTime:0.002000s ]

